Input parameters:
mLon = -60.0
MLon = -56.0
DX = 25000.0
dy = 1250.0
MLat = -35.0
utmzone = 21H
DY = 25000.0
dx = 1250.0
mLat = -37.9
WA_margin = 50000.0
GC_margin = 12500.0
['KA', 'K', 'KU', 'X', 'C']
Contexto cargado en /home/lbali/PMW-Tychonov/Mapas/LCA_25000m/
Margenes setados para mapa LCA_25000m
Presto a cargar para banda KA
##   Using precomputed kernels for band KA
Banda KA cargada
------------------------- Synthetic Image -----------------------
LT| 	mu	sigma	|
0 |	180.17  	4.86	|
1 |	270.80  	9.75	|
----------------------- Reconstructed Image ---------------------
LT| 	mu	sigma	|
0 |	180.18  	4.80	|
1 |	270.84  	9.75	|
termino: 25 KA EM 1.0 0 0
Lambda optimo elegido: 0.0784759970351462
------------------------- Synthetic Image -----------------------
LT| 	mu	sigma	|
0 |	180.17  	4.86	|
1 |	270.80  	9.75	|
----------------------- Reconstructed Image ---------------------
LT| 	mu	sigma	|
0 |	180.18  	4.84	|
1 |	270.84  	9.75	|
termino: 25 KA GCV_Tichonov 1.0 0 0
------------------------- Synthetic Image -----------------------
LT| 	mu	sigma	|
0 |	180.17  	4.86	|
1 |	270.80  	9.75	|
----------------------- Reconstructed Image ---------------------
LT| 	mu	sigma	|
0 |	180.18  	4.84	|
1 |	270.84  	9.78	|
termino: 25 KA LSQR 1.0 0 0
------------------------- Synthetic Image -----------------------
LT| 	mu	sigma	|
0 |	180.17  	4.86	|
1 |	270.80  	9.75	|
----------------------- Reconstructed Image ---------------------
LT| 	mu	sigma	|
0 |	180.16  	4.86	|
1 |	270.81  	9.74	|
termino: 25 KA EM 1.0 0 1
Lambda optimo elegido: 0.0784759970351462
------------------------- Synthetic Image -----------------------
LT| 	mu	sigma	|
0 |	180.17  	4.86	|
1 |	270.80  	9.75	|
----------------------- Reconstructed Image ---------------------
LT| 	mu	sigma	|
0 |	180.16  	4.89	|
1 |	270.81  	9.75	|
termino: 25 KA GCV_Tichonov 1.0 0 1
------------------------- Synthetic Image -----------------------
LT| 	mu	sigma	|
0 |	180.17  	4.86	|
1 |	270.80  	9.75	|
----------------------- Reconstructed Image ---------------------
LT| 	mu	sigma	|
0 |	180.16  	4.90	|
1 |	270.81  	9.78	|
termino: 25 KA LSQR 1.0 0 1
------------------------- Synthetic Image -----------------------
LT| 	mu	sigma	|
0 |	180.17  	4.86	|
1 |	270.80  	9.75	|
----------------------- Reconstructed Image ---------------------
LT| 	mu	sigma	|
0 |	180.09  	4.83	|
1 |	270.80  	9.67	|
termino: 25 KA EM 1.0 0 2
Lambda optimo elegido: 0.0784759970351462
------------------------- Synthetic Image -----------------------
LT| 	mu	sigma	|
0 |	180.17  	4.86	|
1 |	270.80  	9.75	|
----------------------- Reconstructed Image ---------------------
LT| 	mu	sigma	|
0 |	180.09  	4.86	|
1 |	270.80  	9.68	|
termino: 25 KA GCV_Tichonov 1.0 0 2
------------------------- Synthetic Image -----------------------
LT| 	mu	sigma	|
0 |	180.17  	4.86	|
1 |	270.80  	9.75	|
----------------------- Reconstructed Image ---------------------
LT| 	mu	sigma	|
0 |	180.09  	4.86	|
1 |	270.80  	9.71	|
termino: 25 KA LSQR 1.0 0 2
Banda KA cargada
------------------------- Synthetic Image -----------------------
LT| 	mu	sigma	|
0 |	180.26  	4.46	|
1 |	270.83  	8.79	|
----------------------- Reconstructed Image ---------------------
LT| 	mu	sigma	|
0 |	180.28  	4.40	|
1 |	270.87  	8.78	|
termino: 25 KA EM 1.0 0 0
Lambda optimo elegido: 0.0784759970351462
------------------------- Synthetic Image -----------------------
LT| 	mu	sigma	|
0 |	180.26  	4.46	|
1 |	270.83  	8.79	|
----------------------- Reconstructed Image ---------------------
LT| 	mu	sigma	|
0 |	180.28  	4.44	|
1 |	270.87  	8.80	|
termino: 25 KA GCV_Tichonov 1.0 0 0
------------------------- Synthetic Image -----------------------
LT| 	mu	sigma	|
0 |	180.26  	4.46	|
1 |	270.83  	8.79	|
----------------------- Reconstructed Image ---------------------
LT| 	mu	sigma	|
0 |	180.28  	4.45	|
1 |	270.87  	8.83	|
termino: 25 KA LSQR 1.0 0 0
------------------------- Synthetic Image -----------------------
LT| 	mu	sigma	|
0 |	180.26  	4.46	|
1 |	270.83  	8.79	|
----------------------- Reconstructed Image ---------------------
LT| 	mu	sigma	|
0 |	180.26  	4.46	|
1 |	270.84  	8.78	|
termino: 25 KA EM 1.0 0 1
Lambda optimo elegido: 0.0784759970351462
------------------------- Synthetic Image -----------------------
LT| 	mu	sigma	|
0 |	180.26  	4.46	|
1 |	270.83  	8.79	|
----------------------- Reconstructed Image ---------------------
LT| 	mu	sigma	|
0 |	180.26  	4.50	|
1 |	270.84  	8.80	|
termino: 25 KA GCV_Tichonov 1.0 0 1
------------------------- Synthetic Image -----------------------
LT| 	mu	sigma	|
0 |	180.26  	4.46	|
1 |	270.83  	8.79	|
----------------------- Reconstructed Image ---------------------
LT| 	mu	sigma	|
0 |	180.26  	4.51	|
1 |	270.84  	8.83	|
termino: 25 KA LSQR 1.0 0 1
------------------------- Synthetic Image -----------------------
LT| 	mu	sigma	|
0 |	180.26  	4.46	|
1 |	270.83  	8.79	|
----------------------- Reconstructed Image ---------------------
LT| 	mu	sigma	|
0 |	180.18  	4.43	|
1 |	270.83  	8.71	|
termino: 25 KA EM 1.0 0 2
Lambda optimo elegido: 0.0784759970351462
------------------------- Synthetic Image -----------------------
LT| 	mu	sigma	|
0 |	180.26  	4.46	|
1 |	270.83  	8.79	|
----------------------- Reconstructed Image ---------------------
LT| 	mu	sigma	|
0 |	180.18  	4.46	|
1 |	270.83  	8.73	|
termino: 25 KA GCV_Tichonov 1.0 0 2
------------------------- Synthetic Image -----------------------
LT| 	mu	sigma	|
0 |	180.26  	4.46	|
1 |	270.83  	8.79	|
----------------------- Reconstructed Image ---------------------
LT| 	mu	sigma	|
0 |	180.18  	4.47	|
1 |	270.83  	8.75	|
termino: 25 KA LSQR 1.0 0 2
Banda KA cargada
------------------------- Synthetic Image -----------------------
LT| 	mu	sigma	|
0 |	180.35  	4.13	|
1 |	270.86  	7.97	|
----------------------- Reconstructed Image ---------------------
LT| 	mu	sigma	|
0 |	180.37  	4.07	|
1 |	270.90  	7.96	|
termino: 25 KA EM 1.0 0 0
Lambda optimo elegido: 0.12742749857031355
------------------------- Synthetic Image -----------------------
LT| 	mu	sigma	|
0 |	180.35  	4.13	|
1 |	270.86  	7.97	|
----------------------- Reconstructed Image ---------------------
LT| 	mu	sigma	|
0 |	180.37  	4.10	|
1 |	270.90  	7.94	|
termino: 25 KA GCV_Tichonov 1.0 0 0
------------------------- Synthetic Image -----------------------
LT| 	mu	sigma	|
0 |	180.35  	4.13	|
1 |	270.86  	7.97	|
----------------------- Reconstructed Image ---------------------
LT| 	mu	sigma	|
0 |	180.37  	4.11	|
1 |	270.90  	8.00	|
termino: 25 KA LSQR 1.0 0 0
------------------------- Synthetic Image -----------------------
LT| 	mu	sigma	|
0 |	180.35  	4.13	|
1 |	270.86  	7.97	|
----------------------- Reconstructed Image ---------------------
LT| 	mu	sigma	|
0 |	180.35  	4.13	|
1 |	270.87  	7.96	|
termino: 25 KA EM 1.0 0 1
Lambda optimo elegido: 0.0784759970351462
------------------------- Synthetic Image -----------------------
LT| 	mu	sigma	|
0 |	180.35  	4.13	|
1 |	270.86  	7.97	|
----------------------- Reconstructed Image ---------------------
LT| 	mu	sigma	|
0 |	180.35  	4.17	|
1 |	270.87  	7.98	|
termino: 25 KA GCV_Tichonov 1.0 0 1
------------------------- Synthetic Image -----------------------
LT| 	mu	sigma	|
0 |	180.35  	4.13	|
1 |	270.86  	7.97	|
----------------------- Reconstructed Image ---------------------
LT| 	mu	sigma	|
0 |	180.35  	4.18	|
1 |	270.87  	8.01	|
termino: 25 KA LSQR 1.0 0 1
------------------------- Synthetic Image -----------------------
LT| 	mu	sigma	|
0 |	180.35  	4.13	|
1 |	270.86  	7.97	|
----------------------- Reconstructed Image ---------------------
LT| 	mu	sigma	|
0 |	180.27  	4.09	|
1 |	270.86  	7.89	|
termino: 25 KA EM 1.0 0 2
Lambda optimo elegido: 0.12742749857031355
------------------------- Synthetic Image -----------------------
LT| 	mu	sigma	|
0 |	180.35  	4.13	|
1 |	270.86  	7.97	|
----------------------- Reconstructed Image ---------------------
LT| 	mu	sigma	|
0 |	180.27  	4.12	|
1 |	270.86  	7.87	|
termino: 25 KA GCV_Tichonov 1.0 0 2
------------------------- Synthetic Image -----------------------
LT| 	mu	sigma	|
0 |	180.35  	4.13	|
1 |	270.86  	7.97	|
----------------------- Reconstructed Image ---------------------
LT| 	mu	sigma	|
0 |	180.27  	4.14	|
1 |	270.86  	7.93	|
termino: 25 KA LSQR 1.0 0 2
Banda KA cargada
------------------------- Synthetic Image -----------------------
LT| 	mu	sigma	|
0 |	180.44  	3.87	|
1 |	270.88  	7.32	|
----------------------- Reconstructed Image ---------------------
LT| 	mu	sigma	|
0 |	180.46  	3.82	|
1 |	270.93  	7.31	|
termino: 25 KA EM 1.0 0 0
Lambda optimo elegido: 0.12742749857031355
------------------------- Synthetic Image -----------------------
LT| 	mu	sigma	|
0 |	180.44  	3.87	|
1 |	270.88  	7.32	|
----------------------- Reconstructed Image ---------------------
LT| 	mu	sigma	|
0 |	180.46  	3.85	|
1 |	270.92  	7.30	|
termino: 25 KA GCV_Tichonov 1.0 0 0
------------------------- Synthetic Image -----------------------
LT| 	mu	sigma	|
0 |	180.44  	3.87	|
1 |	270.88  	7.32	|
----------------------- Reconstructed Image ---------------------
LT| 	mu	sigma	|
0 |	180.46  	3.86	|
1 |	270.92  	7.36	|
termino: 25 KA LSQR 1.0 0 0
------------------------- Synthetic Image -----------------------
LT| 	mu	sigma	|
0 |	180.44  	3.87	|
1 |	270.88  	7.32	|
----------------------- Reconstructed Image ---------------------
LT| 	mu	sigma	|
0 |	180.44  	3.88	|
1 |	270.90  	7.32	|
termino: 25 KA EM 1.0 0 1
Lambda optimo elegido: 0.12742749857031355
------------------------- Synthetic Image -----------------------
LT| 	mu	sigma	|
0 |	180.44  	3.87	|
1 |	270.88  	7.32	|
----------------------- Reconstructed Image ---------------------
LT| 	mu	sigma	|
0 |	180.44  	3.91	|
1 |	270.90  	7.32	|
termino: 25 KA GCV_Tichonov 1.0 0 1
------------------------- Synthetic Image -----------------------
LT| 	mu	sigma	|
0 |	180.44  	3.87	|
1 |	270.88  	7.32	|
----------------------- Reconstructed Image ---------------------
LT| 	mu	sigma	|
0 |	180.44  	3.93	|
1 |	270.90  	7.37	|
termino: 25 KA LSQR 1.0 0 1
------------------------- Synthetic Image -----------------------
LT| 	mu	sigma	|
0 |	180.44  	3.87	|
1 |	270.88  	7.32	|
----------------------- Reconstructed Image ---------------------
LT| 	mu	sigma	|
0 |	180.36  	3.84	|
1 |	270.89  	7.24	|
termino: 25 KA EM 1.0 0 2
Lambda optimo elegido: 0.12742749857031355
------------------------- Synthetic Image -----------------------
LT| 	mu	sigma	|
0 |	180.44  	3.87	|
1 |	270.88  	7.32	|
----------------------- Reconstructed Image ---------------------
LT| 	mu	sigma	|
0 |	180.36  	3.87	|
1 |	270.89  	7.24	|
termino: 25 KA GCV_Tichonov 1.0 0 2
------------------------- Synthetic Image -----------------------
LT| 	mu	sigma	|
0 |	180.44  	3.87	|
1 |	270.88  	7.32	|
----------------------- Reconstructed Image ---------------------
LT| 	mu	sigma	|
0 |	180.36  	3.88	|
1 |	270.89  	7.29	|
termino: 25 KA LSQR 1.0 0 2
Banda KA cargada
------------------------- Synthetic Image -----------------------
LT| 	mu	sigma	|
0 |	180.53  	3.71	|
1 |	270.91  	6.91	|
----------------------- Reconstructed Image ---------------------
LT| 	mu	sigma	|
0 |	180.55  	3.66	|
1 |	270.95  	6.89	|
termino: 25 KA EM 1.0 0 0
Lambda optimo elegido: 0.12742749857031355
------------------------- Synthetic Image -----------------------
LT| 	mu	sigma	|
0 |	180.53  	3.71	|
1 |	270.91  	6.91	|
----------------------- Reconstructed Image ---------------------
LT| 	mu	sigma	|
0 |	180.55  	3.70	|
1 |	270.95  	6.90	|
termino: 25 KA GCV_Tichonov 1.0 0 0
------------------------- Synthetic Image -----------------------
LT| 	mu	sigma	|
0 |	180.53  	3.71	|
1 |	270.91  	6.91	|
----------------------- Reconstructed Image ---------------------
LT| 	mu	sigma	|
0 |	180.55  	3.71	|
1 |	270.95  	6.94	|
termino: 25 KA LSQR 1.0 0 0
------------------------- Synthetic Image -----------------------
LT| 	mu	sigma	|
0 |	180.53  	3.71	|
1 |	270.91  	6.91	|
----------------------- Reconstructed Image ---------------------
LT| 	mu	sigma	|
0 |	180.53  	3.73	|
1 |	270.93  	6.91	|
termino: 25 KA EM 1.0 0 1
Lambda optimo elegido: 0.12742749857031355
------------------------- Synthetic Image -----------------------
LT| 	mu	sigma	|
0 |	180.53  	3.71	|
1 |	270.91  	6.91	|
----------------------- Reconstructed Image ---------------------
LT| 	mu	sigma	|
0 |	180.53  	3.76	|
1 |	270.93  	6.91	|
termino: 25 KA GCV_Tichonov 1.0 0 1
------------------------- Synthetic Image -----------------------
LT| 	mu	sigma	|
0 |	180.53  	3.71	|
1 |	270.91  	6.91	|
----------------------- Reconstructed Image ---------------------
LT| 	mu	sigma	|
0 |	180.53  	3.77	|
1 |	270.93  	6.96	|
termino: 25 KA LSQR 1.0 0 1
------------------------- Synthetic Image -----------------------
LT| 	mu	sigma	|
0 |	180.53  	3.71	|
1 |	270.91  	6.91	|
----------------------- Reconstructed Image ---------------------
LT| 	mu	sigma	|
0 |	180.45  	3.68	|
1 |	270.92  	6.83	|
termino: 25 KA EM 1.0 0 2
Lambda optimo elegido: 0.12742749857031355
------------------------- Synthetic Image -----------------------
LT| 	mu	sigma	|
0 |	180.53  	3.71	|
1 |	270.91  	6.91	|
----------------------- Reconstructed Image ---------------------
LT| 	mu	sigma	|
0 |	180.45  	3.72	|
1 |	270.92  	6.84	|
termino: 25 KA GCV_Tichonov 1.0 0 2
------------------------- Synthetic Image -----------------------
LT| 	mu	sigma	|
0 |	180.53  	3.71	|
1 |	270.91  	6.91	|
----------------------- Reconstructed Image ---------------------
LT| 	mu	sigma	|
0 |	180.45  	3.73	|
1 |	270.92  	6.88	|
termino: 25 KA LSQR 1.0 0 2
Banda KA cargada
------------------------- Synthetic Image -----------------------
LT| 	mu	sigma	|
0 |	180.62  	3.66	|
1 |	270.94  	6.77	|
----------------------- Reconstructed Image ---------------------
LT| 	mu	sigma	|
0 |	180.64  	3.62	|
1 |	270.98  	6.75	|
termino: 25 KA EM 1.0 0 0
Lambda optimo elegido: 0.2069138081114791
------------------------- Synthetic Image -----------------------
LT| 	mu	sigma	|
0 |	180.62  	3.66	|
1 |	270.94  	6.77	|
----------------------- Reconstructed Image ---------------------
LT| 	mu	sigma	|
0 |	180.64  	3.65	|
1 |	270.98  	6.72	|
termino: 25 KA GCV_Tichonov 1.0 0 0
------------------------- Synthetic Image -----------------------
LT| 	mu	sigma	|
0 |	180.62  	3.66	|
1 |	270.94  	6.77	|
----------------------- Reconstructed Image ---------------------
LT| 	mu	sigma	|
0 |	180.64  	3.66	|
1 |	270.98  	6.79	|
termino: 25 KA LSQR 1.0 0 0
------------------------- Synthetic Image -----------------------
LT| 	mu	sigma	|
0 |	180.62  	3.66	|
1 |	270.94  	6.77	|
----------------------- Reconstructed Image ---------------------
LT| 	mu	sigma	|
0 |	180.62  	3.68	|
1 |	270.96  	6.77	|
termino: 25 KA EM 1.0 0 1
Lambda optimo elegido: 0.12742749857031355
------------------------- Synthetic Image -----------------------
LT| 	mu	sigma	|
0 |	180.62  	3.66	|
1 |	270.94  	6.77	|
----------------------- Reconstructed Image ---------------------
LT| 	mu	sigma	|
0 |	180.62  	3.72	|
1 |	270.96  	6.79	|
termino: 25 KA GCV_Tichonov 1.0 0 1
------------------------- Synthetic Image -----------------------
LT| 	mu	sigma	|
0 |	180.62  	3.66	|
1 |	270.94  	6.77	|
----------------------- Reconstructed Image ---------------------
LT| 	mu	sigma	|
0 |	180.62  	3.73	|
1 |	270.95  	6.82	|
termino: 25 KA LSQR 1.0 0 1
------------------------- Synthetic Image -----------------------
LT| 	mu	sigma	|
0 |	180.62  	3.66	|
1 |	270.94  	6.77	|
----------------------- Reconstructed Image ---------------------
LT| 	mu	sigma	|
0 |	180.54  	3.64	|
1 |	270.95  	6.70	|
termino: 25 KA EM 1.0 0 2
Lambda optimo elegido: 0.2069138081114791
------------------------- Synthetic Image -----------------------
LT| 	mu	sigma	|
0 |	180.62  	3.66	|
1 |	270.94  	6.77	|
----------------------- Reconstructed Image ---------------------
LT| 	mu	sigma	|
0 |	180.55  	3.66	|
1 |	270.94  	6.68	|
termino: 25 KA GCV_Tichonov 1.0 0 2
------------------------- Synthetic Image -----------------------
LT| 	mu	sigma	|
0 |	180.62  	3.66	|
1 |	270.94  	6.77	|
----------------------- Reconstructed Image ---------------------
LT| 	mu	sigma	|
0 |	180.55  	3.68	|
1 |	270.95  	6.74	|
termino: 25 KA LSQR 1.0 0 2
Banda KA cargada
------------------------- Synthetic Image -----------------------
LT| 	mu	sigma	|
0 |	180.71  	3.73	|
1 |	270.97  	6.92	|
----------------------- Reconstructed Image ---------------------
LT| 	mu	sigma	|
0 |	180.73  	3.69	|
1 |	271.01  	6.89	|
termino: 25 KA EM 1.0 0 0
Lambda optimo elegido: 0.2069138081114791
------------------------- Synthetic Image -----------------------
LT| 	mu	sigma	|
0 |	180.71  	3.73	|
1 |	270.97  	6.92	|
----------------------- Reconstructed Image ---------------------
LT| 	mu	sigma	|
0 |	180.73  	3.72	|
1 |	271.01  	6.89	|
termino: 25 KA GCV_Tichonov 1.0 0 0
------------------------- Synthetic Image -----------------------
LT| 	mu	sigma	|
0 |	180.71  	3.73	|
1 |	270.97  	6.92	|
----------------------- Reconstructed Image ---------------------
LT| 	mu	sigma	|
0 |	180.73  	3.73	|
1 |	271.01  	6.93	|
termino: 25 KA LSQR 1.0 0 0
------------------------- Synthetic Image -----------------------
LT| 	mu	sigma	|
0 |	180.71  	3.73	|
1 |	270.97  	6.92	|
----------------------- Reconstructed Image ---------------------
LT| 	mu	sigma	|
0 |	180.71  	3.75	|
1 |	270.99  	6.93	|
termino: 25 KA EM 1.0 0 1
Lambda optimo elegido: 0.2069138081114791
------------------------- Synthetic Image -----------------------
LT| 	mu	sigma	|
0 |	180.71  	3.73	|
1 |	270.97  	6.92	|
----------------------- Reconstructed Image ---------------------
LT| 	mu	sigma	|
0 |	180.71  	3.78	|
1 |	270.98  	6.91	|
termino: 25 KA GCV_Tichonov 1.0 0 1
------------------------- Synthetic Image -----------------------
LT| 	mu	sigma	|
0 |	180.71  	3.73	|
1 |	270.97  	6.92	|
----------------------- Reconstructed Image ---------------------
LT| 	mu	sigma	|
0 |	180.71  	3.79	|
1 |	270.98  	6.97	|
termino: 25 KA LSQR 1.0 0 1
------------------------- Synthetic Image -----------------------
LT| 	mu	sigma	|
0 |	180.71  	3.73	|
1 |	270.97  	6.92	|
----------------------- Reconstructed Image ---------------------
LT| 	mu	sigma	|
0 |	180.64  	3.71	|
1 |	270.97  	6.86	|
termino: 25 KA EM 1.0 0 2
Lambda optimo elegido: 0.2069138081114791
------------------------- Synthetic Image -----------------------
LT| 	mu	sigma	|
0 |	180.71  	3.73	|
1 |	270.97  	6.92	|
----------------------- Reconstructed Image ---------------------
LT| 	mu	sigma	|
0 |	180.64  	3.74	|
1 |	270.97  	6.85	|
termino: 25 KA GCV_Tichonov 1.0 0 2
------------------------- Synthetic Image -----------------------
LT| 	mu	sigma	|
0 |	180.71  	3.73	|
1 |	270.97  	6.92	|
----------------------- Reconstructed Image ---------------------
LT| 	mu	sigma	|
0 |	180.64  	3.75	|
1 |	270.97  	6.89	|
termino: 25 KA LSQR 1.0 0 2
Banda KA cargada
------------------------- Synthetic Image -----------------------
LT| 	mu	sigma	|
0 |	180.80  	3.90	|
1 |	271.00  	7.33	|
----------------------- Reconstructed Image ---------------------
LT| 	mu	sigma	|
0 |	180.82  	3.87	|
1 |	271.04  	7.31	|
termino: 25 KA EM 1.0 0 0
Lambda optimo elegido: 0.3359818286283785
------------------------- Synthetic Image -----------------------
LT| 	mu	sigma	|
0 |	180.80  	3.90	|
1 |	271.00  	7.33	|
----------------------- Reconstructed Image ---------------------
LT| 	mu	sigma	|
0 |	180.82  	3.89	|
1 |	271.04  	7.28	|
termino: 25 KA GCV_Tichonov 1.0 0 0
------------------------- Synthetic Image -----------------------
LT| 	mu	sigma	|
0 |	180.80  	3.90	|
1 |	271.00  	7.33	|
----------------------- Reconstructed Image ---------------------
LT| 	mu	sigma	|
0 |	180.82  	3.91	|
1 |	271.04  	7.35	|
termino: 25 KA LSQR 1.0 0 0
------------------------- Synthetic Image -----------------------
LT| 	mu	sigma	|
0 |	180.80  	3.90	|
1 |	271.00  	7.33	|
----------------------- Reconstructed Image ---------------------
LT| 	mu	sigma	|
0 |	180.80  	3.93	|
1 |	271.01  	7.35	|
termino: 25 KA EM 1.0 0 1
Lambda optimo elegido: 0.3359818286283785
------------------------- Synthetic Image -----------------------
LT| 	mu	sigma	|
0 |	180.80  	3.90	|
1 |	271.00  	7.33	|
----------------------- Reconstructed Image ---------------------
LT| 	mu	sigma	|
0 |	180.80  	3.94	|
1 |	271.02  	7.31	|
termino: 25 KA GCV_Tichonov 1.0 0 1
------------------------- Synthetic Image -----------------------
LT| 	mu	sigma	|
0 |	180.80  	3.90	|
1 |	271.00  	7.33	|
----------------------- Reconstructed Image ---------------------
LT| 	mu	sigma	|
0 |	180.80  	3.96	|
1 |	271.01  	7.39	|
termino: 25 KA LSQR 1.0 0 1
------------------------- Synthetic Image -----------------------
LT| 	mu	sigma	|
0 |	180.80  	3.90	|
1 |	271.00  	7.33	|
----------------------- Reconstructed Image ---------------------
LT| 	mu	sigma	|
0 |	180.73  	3.88	|
1 |	271.00  	7.29	|
termino: 25 KA EM 1.0 0 2
Lambda optimo elegido: 0.3359818286283785
------------------------- Synthetic Image -----------------------
LT| 	mu	sigma	|
0 |	180.80  	3.90	|
1 |	271.00  	7.33	|
----------------------- Reconstructed Image ---------------------
LT| 	mu	sigma	|
0 |	180.73  	3.90	|
1 |	271.00  	7.27	|
termino: 25 KA GCV_Tichonov 1.0 0 2
------------------------- Synthetic Image -----------------------
LT| 	mu	sigma	|
0 |	180.80  	3.90	|
1 |	271.00  	7.33	|
----------------------- Reconstructed Image ---------------------
LT| 	mu	sigma	|
0 |	180.73  	3.92	|
1 |	271.00  	7.32	|
termino: 25 KA LSQR 1.0 0 2
Banda KA cargada
------------------------- Synthetic Image -----------------------
LT| 	mu	sigma	|
0 |	180.89  	4.16	|
1 |	271.03  	7.98	|
----------------------- Reconstructed Image ---------------------
LT| 	mu	sigma	|
0 |	180.91  	4.15	|
1 |	271.07  	7.96	|
termino: 25 KA EM 1.0 0 0
Lambda optimo elegido: 0.3359818286283785
------------------------- Synthetic Image -----------------------
LT| 	mu	sigma	|
0 |	180.89  	4.16	|
1 |	271.03  	7.98	|
----------------------- Reconstructed Image ---------------------
LT| 	mu	sigma	|
0 |	180.91  	4.17	|
1 |	271.07  	7.95	|
termino: 25 KA GCV_Tichonov 1.0 0 0
------------------------- Synthetic Image -----------------------
LT| 	mu	sigma	|
0 |	180.89  	4.16	|
1 |	271.03  	7.98	|
----------------------- Reconstructed Image ---------------------
LT| 	mu	sigma	|
0 |	180.91  	4.18	|
1 |	271.07  	7.99	|
termino: 25 KA LSQR 1.0 0 0
------------------------- Synthetic Image -----------------------
LT| 	mu	sigma	|
0 |	180.89  	4.16	|
1 |	271.03  	7.98	|
----------------------- Reconstructed Image ---------------------
LT| 	mu	sigma	|
0 |	180.89  	4.19	|
1 |	271.04  	8.00	|
termino: 25 KA EM 1.0 0 1
Lambda optimo elegido: 0.3359818286283785
------------------------- Synthetic Image -----------------------
LT| 	mu	sigma	|
0 |	180.89  	4.16	|
1 |	271.03  	7.98	|
----------------------- Reconstructed Image ---------------------
LT| 	mu	sigma	|
0 |	180.89  	4.22	|
1 |	271.05  	7.99	|
termino: 25 KA GCV_Tichonov 1.0 0 1
------------------------- Synthetic Image -----------------------
LT| 	mu	sigma	|
0 |	180.89  	4.16	|
1 |	271.03  	7.98	|
----------------------- Reconstructed Image ---------------------
LT| 	mu	sigma	|
0 |	180.89  	4.23	|
1 |	271.04  	8.03	|
termino: 25 KA LSQR 1.0 0 1
------------------------- Synthetic Image -----------------------
LT| 	mu	sigma	|
0 |	180.89  	4.16	|
1 |	271.03  	7.98	|
----------------------- Reconstructed Image ---------------------
LT| 	mu	sigma	|
0 |	180.82  	4.15	|
1 |	271.03  	7.95	|
termino: 25 KA EM 1.0 0 2
Lambda optimo elegido: 0.3359818286283785
------------------------- Synthetic Image -----------------------
LT| 	mu	sigma	|
0 |	180.89  	4.16	|
1 |	271.03  	7.98	|
----------------------- Reconstructed Image ---------------------
LT| 	mu	sigma	|
0 |	180.82  	4.18	|
1 |	271.03  	7.95	|
termino: 25 KA GCV_Tichonov 1.0 0 2
------------------------- Synthetic Image -----------------------
LT| 	mu	sigma	|
0 |	180.89  	4.16	|
1 |	271.03  	7.98	|
----------------------- Reconstructed Image ---------------------
LT| 	mu	sigma	|
0 |	180.82  	4.19	|
1 |	271.03  	7.97	|
termino: 25 KA LSQR 1.0 0 2
Banda KA cargada
------------------------- Synthetic Image -----------------------
LT| 	mu	sigma	|
0 |	180.99  	4.51	|
1 |	271.05  	8.81	|
----------------------- Reconstructed Image ---------------------
LT| 	mu	sigma	|
0 |	181.00  	4.50	|
1 |	271.10  	8.79	|
termino: 25 KA EM 1.0 0 0
Lambda optimo elegido: 0.5455594781168526
------------------------- Synthetic Image -----------------------
LT| 	mu	sigma	|
0 |	180.99  	4.51	|
1 |	271.05  	8.81	|
----------------------- Reconstructed Image ---------------------
LT| 	mu	sigma	|
0 |	181.00  	4.52	|
1 |	271.10  	8.77	|
termino: 25 KA GCV_Tichonov 1.0 0 0
------------------------- Synthetic Image -----------------------
LT| 	mu	sigma	|
0 |	180.99  	4.51	|
1 |	271.05  	8.81	|
----------------------- Reconstructed Image ---------------------
LT| 	mu	sigma	|
0 |	181.00  	4.53	|
1 |	271.09  	8.81	|
termino: 25 KA LSQR 1.0 0 0
------------------------- Synthetic Image -----------------------
LT| 	mu	sigma	|
0 |	180.99  	4.51	|
1 |	271.05  	8.81	|
----------------------- Reconstructed Image ---------------------
LT| 	mu	sigma	|
0 |	180.98  	4.54	|
1 |	271.07  	8.83	|
termino: 25 KA EM 1.0 0 1
Lambda optimo elegido: 0.5455594781168526
------------------------- Synthetic Image -----------------------
LT| 	mu	sigma	|
0 |	180.99  	4.51	|
1 |	271.05  	8.81	|
----------------------- Reconstructed Image ---------------------
LT| 	mu	sigma	|
0 |	180.98  	4.55	|
1 |	271.08  	8.81	|
termino: 25 KA GCV_Tichonov 1.0 0 1
------------------------- Synthetic Image -----------------------
LT| 	mu	sigma	|
0 |	180.99  	4.51	|
1 |	271.05  	8.81	|
----------------------- Reconstructed Image ---------------------
LT| 	mu	sigma	|
0 |	180.98  	4.57	|
1 |	271.07  	8.85	|
termino: 25 KA LSQR 1.0 0 1
------------------------- Synthetic Image -----------------------
LT| 	mu	sigma	|
0 |	180.99  	4.51	|
1 |	271.05  	8.81	|
----------------------- Reconstructed Image ---------------------
LT| 	mu	sigma	|
0 |	180.91  	4.50	|
1 |	271.06  	8.78	|
termino: 25 KA EM 1.0 0 2
Lambda optimo elegido: 0.5455594781168526
------------------------- Synthetic Image -----------------------
LT| 	mu	sigma	|
0 |	180.99  	4.51	|
1 |	271.05  	8.81	|
----------------------- Reconstructed Image ---------------------
LT| 	mu	sigma	|
0 |	180.91  	4.52	|
1 |	271.07  	8.78	|
termino: 25 KA GCV_Tichonov 1.0 0 2
------------------------- Synthetic Image -----------------------
LT| 	mu	sigma	|
0 |	180.99  	4.51	|
1 |	271.05  	8.81	|
----------------------- Reconstructed Image ---------------------
LT| 	mu	sigma	|
0 |	180.91  	4.53	|
1 |	271.06  	8.81	|
termino: 25 KA LSQR 1.0 0 2
Banda KA cargada
------------------------- Synthetic Image -----------------------
LT| 	mu	sigma	|
0 |	181.08  	4.91	|
1 |	271.08  	9.77	|
----------------------- Reconstructed Image ---------------------
LT| 	mu	sigma	|
0 |	181.09  	4.91	|
1 |	271.12  	9.75	|
termino: 25 KA EM 1.0 0 0
Lambda optimo elegido: 0.8858667904100832
------------------------- Synthetic Image -----------------------
LT| 	mu	sigma	|
0 |	181.08  	4.91	|
1 |	271.08  	9.77	|
----------------------- Reconstructed Image ---------------------
LT| 	mu	sigma	|
0 |	181.09  	4.92	|
1 |	271.14  	9.71	|
termino: 25 KA GCV_Tichonov 1.0 0 0
------------------------- Synthetic Image -----------------------
LT| 	mu	sigma	|
0 |	181.08  	4.91	|
1 |	271.08  	9.77	|
----------------------- Reconstructed Image ---------------------
LT| 	mu	sigma	|
0 |	181.09  	4.93	|
1 |	271.12  	9.77	|
termino: 25 KA LSQR 1.0 0 0
------------------------- Synthetic Image -----------------------
LT| 	mu	sigma	|
0 |	181.08  	4.91	|
1 |	271.08  	9.77	|
----------------------- Reconstructed Image ---------------------
LT| 	mu	sigma	|
0 |	181.07  	4.94	|
1 |	271.10  	9.79	|
termino: 25 KA EM 1.0 0 1
Lambda optimo elegido: 0.5455594781168526
------------------------- Synthetic Image -----------------------
LT| 	mu	sigma	|
0 |	181.08  	4.91	|
1 |	271.08  	9.77	|
----------------------- Reconstructed Image ---------------------
LT| 	mu	sigma	|
0 |	181.07  	4.96	|
1 |	271.12  	9.78	|
termino: 25 KA GCV_Tichonov 1.0 0 1
------------------------- Synthetic Image -----------------------
LT| 	mu	sigma	|
0 |	181.08  	4.91	|
1 |	271.08  	9.77	|
----------------------- Reconstructed Image ---------------------
LT| 	mu	sigma	|
0 |	181.07  	4.97	|
1 |	271.10  	9.81	|
termino: 25 KA LSQR 1.0 0 1
------------------------- Synthetic Image -----------------------
LT| 	mu	sigma	|
0 |	181.08  	4.91	|
1 |	271.08  	9.77	|
----------------------- Reconstructed Image ---------------------
LT| 	mu	sigma	|
0 |	181.00  	4.91	|
1 |	271.09  	9.75	|
termino: 25 KA EM 1.0 0 2
Lambda optimo elegido: 0.5455594781168526
------------------------- Synthetic Image -----------------------
LT| 	mu	sigma	|
0 |	181.08  	4.91	|
1 |	271.08  	9.77	|
----------------------- Reconstructed Image ---------------------
LT| 	mu	sigma	|
0 |	181.00  	4.93	|
1 |	271.10  	9.75	|
termino: 25 KA GCV_Tichonov 1.0 0 2
------------------------- Synthetic Image -----------------------
LT| 	mu	sigma	|
0 |	181.08  	4.91	|
1 |	271.08  	9.77	|
----------------------- Reconstructed Image ---------------------
LT| 	mu	sigma	|
0 |	181.00  	4.94	|
1 |	271.09  	9.77	|
termino: 25 KA LSQR 1.0 0 2
Banda KA cargada
------------------------- Synthetic Image -----------------------
LT| 	mu	sigma	|
0 |	179.90  	5.77	|
1 |	270.21  	9.76	|
----------------------- Reconstructed Image ---------------------
LT| 	mu	sigma	|
0 |	179.92  	5.77	|
1 |	270.25  	9.73	|
termino: 25 KA EM 1.0 1 0
Lambda optimo elegido: 0.0784759970351462
------------------------- Synthetic Image -----------------------
LT| 	mu	sigma	|
0 |	179.90  	5.77	|
1 |	270.21  	9.76	|
----------------------- Reconstructed Image ---------------------
LT| 	mu	sigma	|
0 |	179.92  	5.80	|
1 |	270.25  	9.74	|
termino: 25 KA GCV_Tichonov 1.0 1 0
------------------------- Synthetic Image -----------------------
LT| 	mu	sigma	|
0 |	179.90  	5.77	|
1 |	270.21  	9.76	|
----------------------- Reconstructed Image ---------------------
LT| 	mu	sigma	|
0 |	179.92  	5.81	|
1 |	270.25  	9.76	|
termino: 25 KA LSQR 1.0 1 0
------------------------- Synthetic Image -----------------------
LT| 	mu	sigma	|
0 |	179.90  	5.77	|
1 |	270.21  	9.76	|
----------------------- Reconstructed Image ---------------------
LT| 	mu	sigma	|
0 |	179.90  	5.73	|
1 |	270.22  	9.78	|
termino: 25 KA EM 1.0 1 1
Lambda optimo elegido: 0.0784759970351462
------------------------- Synthetic Image -----------------------
LT| 	mu	sigma	|
0 |	179.90  	5.77	|
1 |	270.21  	9.76	|
----------------------- Reconstructed Image ---------------------
LT| 	mu	sigma	|
0 |	179.90  	5.76	|
1 |	270.22  	9.79	|
termino: 25 KA GCV_Tichonov 1.0 1 1
------------------------- Synthetic Image -----------------------
LT| 	mu	sigma	|
0 |	179.90  	5.77	|
1 |	270.21  	9.76	|
----------------------- Reconstructed Image ---------------------
LT| 	mu	sigma	|
0 |	179.90  	5.77	|
1 |	270.22  	9.82	|
termino: 25 KA LSQR 1.0 1 1
------------------------- Synthetic Image -----------------------
LT| 	mu	sigma	|
0 |	179.90  	5.77	|
1 |	270.21  	9.76	|
----------------------- Reconstructed Image ---------------------
LT| 	mu	sigma	|
0 |	179.83  	5.75	|
1 |	270.21  	9.75	|
termino: 25 KA EM 1.0 1 2
Lambda optimo elegido: 0.0784759970351462
------------------------- Synthetic Image -----------------------
LT| 	mu	sigma	|
0 |	179.90  	5.77	|
1 |	270.21  	9.76	|
----------------------- Reconstructed Image ---------------------
LT| 	mu	sigma	|
0 |	179.83  	5.78	|
1 |	270.21  	9.76	|
termino: 25 KA GCV_Tichonov 1.0 1 2
------------------------- Synthetic Image -----------------------
LT| 	mu	sigma	|
0 |	179.90  	5.77	|
1 |	270.21  	9.76	|
----------------------- Reconstructed Image ---------------------
LT| 	mu	sigma	|
0 |	179.83  	5.78	|
1 |	270.21  	9.79	|
termino: 25 KA LSQR 1.0 1 2
Banda KA cargada
------------------------- Synthetic Image -----------------------
LT| 	mu	sigma	|
0 |	180.02  	5.24	|
1 |	270.29  	8.89	|
----------------------- Reconstructed Image ---------------------
LT| 	mu	sigma	|
0 |	180.04  	5.24	|
1 |	270.33  	8.86	|
termino: 25 KA EM 1.0 1 0
Lambda optimo elegido: 0.0784759970351462
------------------------- Synthetic Image -----------------------
LT| 	mu	sigma	|
0 |	180.02  	5.24	|
1 |	270.29  	8.89	|
----------------------- Reconstructed Image ---------------------
LT| 	mu	sigma	|
0 |	180.04  	5.27	|
1 |	270.33  	8.87	|
termino: 25 KA GCV_Tichonov 1.0 1 0
------------------------- Synthetic Image -----------------------
LT| 	mu	sigma	|
0 |	180.02  	5.24	|
1 |	270.29  	8.89	|
----------------------- Reconstructed Image ---------------------
LT| 	mu	sigma	|
0 |	180.04  	5.28	|
1 |	270.34  	8.90	|
termino: 25 KA LSQR 1.0 1 0
------------------------- Synthetic Image -----------------------
LT| 	mu	sigma	|
0 |	180.02  	5.24	|
1 |	270.29  	8.89	|
----------------------- Reconstructed Image ---------------------
LT| 	mu	sigma	|
0 |	180.02  	5.20	|
1 |	270.31  	8.92	|
termino: 25 KA EM 1.0 1 1
Lambda optimo elegido: 0.0784759970351462
------------------------- Synthetic Image -----------------------
LT| 	mu	sigma	|
0 |	180.02  	5.24	|
1 |	270.29  	8.89	|
----------------------- Reconstructed Image ---------------------
LT| 	mu	sigma	|
0 |	180.02  	5.23	|
1 |	270.31  	8.93	|
termino: 25 KA GCV_Tichonov 1.0 1 1
------------------------- Synthetic Image -----------------------
LT| 	mu	sigma	|
0 |	180.02  	5.24	|
1 |	270.29  	8.89	|
----------------------- Reconstructed Image ---------------------
LT| 	mu	sigma	|
0 |	180.02  	5.24	|
1 |	270.31  	8.96	|
termino: 25 KA LSQR 1.0 1 1
------------------------- Synthetic Image -----------------------
LT| 	mu	sigma	|
0 |	180.02  	5.24	|
1 |	270.29  	8.89	|
----------------------- Reconstructed Image ---------------------
LT| 	mu	sigma	|
0 |	179.94  	5.22	|
1 |	270.30  	8.88	|
termino: 25 KA EM 1.0 1 2
Lambda optimo elegido: 0.0784759970351462
------------------------- Synthetic Image -----------------------
LT| 	mu	sigma	|
0 |	180.02  	5.24	|
1 |	270.29  	8.89	|
----------------------- Reconstructed Image ---------------------
LT| 	mu	sigma	|
0 |	179.94  	5.25	|
1 |	270.30  	8.89	|
termino: 25 KA GCV_Tichonov 1.0 1 2
------------------------- Synthetic Image -----------------------
LT| 	mu	sigma	|
0 |	180.02  	5.24	|
1 |	270.29  	8.89	|
----------------------- Reconstructed Image ---------------------
LT| 	mu	sigma	|
0 |	179.94  	5.25	|
1 |	270.30  	8.92	|
termino: 25 KA LSQR 1.0 1 2
Banda KA cargada
------------------------- Synthetic Image -----------------------
LT| 	mu	sigma	|
0 |	180.14  	4.76	|
1 |	270.38  	8.16	|
----------------------- Reconstructed Image ---------------------
LT| 	mu	sigma	|
0 |	180.15  	4.76	|
1 |	270.42  	8.12	|
termino: 25 KA EM 1.0 1 0
Lambda optimo elegido: 0.12742749857031355
------------------------- Synthetic Image -----------------------
LT| 	mu	sigma	|
0 |	180.14  	4.76	|
1 |	270.38  	8.16	|
----------------------- Reconstructed Image ---------------------
LT| 	mu	sigma	|
0 |	180.16  	4.78	|
1 |	270.42  	8.11	|
termino: 25 KA GCV_Tichonov 1.0 1 0
------------------------- Synthetic Image -----------------------
LT| 	mu	sigma	|
0 |	180.14  	4.76	|
1 |	270.38  	8.16	|
----------------------- Reconstructed Image ---------------------
LT| 	mu	sigma	|
0 |	180.16  	4.80	|
1 |	270.42  	8.16	|
termino: 25 KA LSQR 1.0 1 0
------------------------- Synthetic Image -----------------------
LT| 	mu	sigma	|
0 |	180.14  	4.76	|
1 |	270.38  	8.16	|
----------------------- Reconstructed Image ---------------------
LT| 	mu	sigma	|
0 |	180.13  	4.73	|
1 |	270.39  	8.18	|
termino: 25 KA EM 1.0 1 1
Lambda optimo elegido: 0.0784759970351462
------------------------- Synthetic Image -----------------------
LT| 	mu	sigma	|
0 |	180.14  	4.76	|
1 |	270.38  	8.16	|
----------------------- Reconstructed Image ---------------------
LT| 	mu	sigma	|
0 |	180.14  	4.76	|
1 |	270.39  	8.20	|
termino: 25 KA GCV_Tichonov 1.0 1 1
------------------------- Synthetic Image -----------------------
LT| 	mu	sigma	|
0 |	180.14  	4.76	|
1 |	270.38  	8.16	|
----------------------- Reconstructed Image ---------------------
LT| 	mu	sigma	|
0 |	180.14  	4.77	|
1 |	270.40  	8.22	|
termino: 25 KA LSQR 1.0 1 1
------------------------- Synthetic Image -----------------------
LT| 	mu	sigma	|
0 |	180.14  	4.76	|
1 |	270.38  	8.16	|
----------------------- Reconstructed Image ---------------------
LT| 	mu	sigma	|
0 |	180.06  	4.74	|
1 |	270.38  	8.14	|
termino: 25 KA EM 1.0 1 2
Lambda optimo elegido: 0.0784759970351462
------------------------- Synthetic Image -----------------------
LT| 	mu	sigma	|
0 |	180.14  	4.76	|
1 |	270.38  	8.16	|
----------------------- Reconstructed Image ---------------------
LT| 	mu	sigma	|
0 |	180.06  	4.77	|
1 |	270.38  	8.16	|
termino: 25 KA GCV_Tichonov 1.0 1 2
------------------------- Synthetic Image -----------------------
LT| 	mu	sigma	|
0 |	180.14  	4.76	|
1 |	270.38  	8.16	|
----------------------- Reconstructed Image ---------------------
LT| 	mu	sigma	|
0 |	180.06  	4.78	|
1 |	270.39  	8.18	|
termino: 25 KA LSQR 1.0 1 2
Banda KA cargada
------------------------- Synthetic Image -----------------------
LT| 	mu	sigma	|
0 |	180.25  	4.36	|
1 |	270.47  	7.59	|
----------------------- Reconstructed Image ---------------------
LT| 	mu	sigma	|
0 |	180.27  	4.36	|
1 |	270.51  	7.55	|
termino: 25 KA EM 1.0 1 0
Lambda optimo elegido: 0.12742749857031355
------------------------- Synthetic Image -----------------------
LT| 	mu	sigma	|
0 |	180.25  	4.36	|
1 |	270.47  	7.59	|
----------------------- Reconstructed Image ---------------------
LT| 	mu	sigma	|
0 |	180.27  	4.39	|
1 |	270.51  	7.54	|
termino: 25 KA GCV_Tichonov 1.0 1 0
------------------------- Synthetic Image -----------------------
LT| 	mu	sigma	|
0 |	180.25  	4.36	|
1 |	270.47  	7.59	|
----------------------- Reconstructed Image ---------------------
LT| 	mu	sigma	|
0 |	180.27  	4.40	|
1 |	270.51  	7.59	|
termino: 25 KA LSQR 1.0 1 0
------------------------- Synthetic Image -----------------------
LT| 	mu	sigma	|
0 |	180.25  	4.36	|
1 |	270.47  	7.59	|
----------------------- Reconstructed Image ---------------------
LT| 	mu	sigma	|
0 |	180.25  	4.33	|
1 |	270.48  	7.61	|
termino: 25 KA EM 1.0 1 1
Lambda optimo elegido: 0.12742749857031355
------------------------- Synthetic Image -----------------------
LT| 	mu	sigma	|
0 |	180.25  	4.36	|
1 |	270.47  	7.59	|
----------------------- Reconstructed Image ---------------------
LT| 	mu	sigma	|
0 |	180.25  	4.36	|
1 |	270.48  	7.61	|
termino: 25 KA GCV_Tichonov 1.0 1 1
------------------------- Synthetic Image -----------------------
LT| 	mu	sigma	|
0 |	180.25  	4.36	|
1 |	270.47  	7.59	|
----------------------- Reconstructed Image ---------------------
LT| 	mu	sigma	|
0 |	180.25  	4.38	|
1 |	270.48  	7.65	|
termino: 25 KA LSQR 1.0 1 1
------------------------- Synthetic Image -----------------------
LT| 	mu	sigma	|
0 |	180.25  	4.36	|
1 |	270.47  	7.59	|
----------------------- Reconstructed Image ---------------------
LT| 	mu	sigma	|
0 |	180.18  	4.34	|
1 |	270.47  	7.57	|
termino: 25 KA EM 1.0 1 2
Lambda optimo elegido: 0.12742749857031355
------------------------- Synthetic Image -----------------------
LT| 	mu	sigma	|
0 |	180.25  	4.36	|
1 |	270.47  	7.59	|
----------------------- Reconstructed Image ---------------------
LT| 	mu	sigma	|
0 |	180.18  	4.37	|
1 |	270.47  	7.56	|
termino: 25 KA GCV_Tichonov 1.0 1 2
------------------------- Synthetic Image -----------------------
LT| 	mu	sigma	|
0 |	180.25  	4.36	|
1 |	270.47  	7.59	|
----------------------- Reconstructed Image ---------------------
LT| 	mu	sigma	|
0 |	180.18  	4.38	|
1 |	270.47  	7.61	|
termino: 25 KA LSQR 1.0 1 2
Banda KA cargada
------------------------- Synthetic Image -----------------------
LT| 	mu	sigma	|
0 |	180.37  	4.06	|
1 |	270.56  	7.22	|
----------------------- Reconstructed Image ---------------------
LT| 	mu	sigma	|
0 |	180.39  	4.05	|
1 |	270.60  	7.19	|
termino: 25 KA EM 1.0 1 0
Lambda optimo elegido: 0.12742749857031355
------------------------- Synthetic Image -----------------------
LT| 	mu	sigma	|
0 |	180.37  	4.06	|
1 |	270.56  	7.22	|
----------------------- Reconstructed Image ---------------------
LT| 	mu	sigma	|
0 |	180.39  	4.08	|
1 |	270.59  	7.19	|
termino: 25 KA GCV_Tichonov 1.0 1 0
------------------------- Synthetic Image -----------------------
LT| 	mu	sigma	|
0 |	180.37  	4.06	|
1 |	270.56  	7.22	|
----------------------- Reconstructed Image ---------------------
LT| 	mu	sigma	|
0 |	180.39  	4.10	|
1 |	270.60  	7.22	|
termino: 25 KA LSQR 1.0 1 0
------------------------- Synthetic Image -----------------------
LT| 	mu	sigma	|
0 |	180.37  	4.06	|
1 |	270.56  	7.22	|
----------------------- Reconstructed Image ---------------------
LT| 	mu	sigma	|
0 |	180.37  	4.04	|
1 |	270.57  	7.25	|
termino: 25 KA EM 1.0 1 1
Lambda optimo elegido: 0.12742749857031355
------------------------- Synthetic Image -----------------------
LT| 	mu	sigma	|
0 |	180.37  	4.06	|
1 |	270.56  	7.22	|
----------------------- Reconstructed Image ---------------------
LT| 	mu	sigma	|
0 |	180.37  	4.07	|
1 |	270.57  	7.25	|
termino: 25 KA GCV_Tichonov 1.0 1 1
------------------------- Synthetic Image -----------------------
LT| 	mu	sigma	|
0 |	180.37  	4.06	|
1 |	270.56  	7.22	|
----------------------- Reconstructed Image ---------------------
LT| 	mu	sigma	|
0 |	180.37  	4.08	|
1 |	270.57  	7.29	|
termino: 25 KA LSQR 1.0 1 1
------------------------- Synthetic Image -----------------------
LT| 	mu	sigma	|
0 |	180.37  	4.06	|
1 |	270.56  	7.22	|
----------------------- Reconstructed Image ---------------------
LT| 	mu	sigma	|
0 |	180.29  	4.04	|
1 |	270.56  	7.21	|
termino: 25 KA EM 1.0 1 2
Lambda optimo elegido: 0.12742749857031355
------------------------- Synthetic Image -----------------------
LT| 	mu	sigma	|
0 |	180.37  	4.06	|
1 |	270.56  	7.22	|
----------------------- Reconstructed Image ---------------------
LT| 	mu	sigma	|
0 |	180.30  	4.07	|
1 |	270.56  	7.21	|
termino: 25 KA GCV_Tichonov 1.0 1 2
------------------------- Synthetic Image -----------------------
LT| 	mu	sigma	|
0 |	180.37  	4.06	|
1 |	270.56  	7.22	|
----------------------- Reconstructed Image ---------------------
LT| 	mu	sigma	|
0 |	180.30  	4.08	|
1 |	270.56  	7.24	|
termino: 25 KA LSQR 1.0 1 2
Banda KA cargada
------------------------- Synthetic Image -----------------------
LT| 	mu	sigma	|
0 |	180.49  	3.87	|
1 |	270.64  	7.10	|
----------------------- Reconstructed Image ---------------------
LT| 	mu	sigma	|
0 |	180.51  	3.87	|
1 |	270.68  	7.06	|
termino: 25 KA EM 1.0 1 0
Lambda optimo elegido: 0.12742749857031355
------------------------- Synthetic Image -----------------------
LT| 	mu	sigma	|
0 |	180.49  	3.87	|
1 |	270.64  	7.10	|
----------------------- Reconstructed Image ---------------------
LT| 	mu	sigma	|
0 |	180.51  	3.90	|
1 |	270.68  	7.08	|
termino: 25 KA GCV_Tichonov 1.0 1 0
------------------------- Synthetic Image -----------------------
LT| 	mu	sigma	|
0 |	180.49  	3.87	|
1 |	270.64  	7.10	|
----------------------- Reconstructed Image ---------------------
LT| 	mu	sigma	|
0 |	180.51  	3.91	|
1 |	270.69  	7.10	|
termino: 25 KA LSQR 1.0 1 0
------------------------- Synthetic Image -----------------------
LT| 	mu	sigma	|
0 |	180.49  	3.87	|
1 |	270.64  	7.10	|
----------------------- Reconstructed Image ---------------------
LT| 	mu	sigma	|
0 |	180.49  	3.86	|
1 |	270.66  	7.13	|
termino: 25 KA EM 1.0 1 1
Lambda optimo elegido: 0.12742749857031355
------------------------- Synthetic Image -----------------------
LT| 	mu	sigma	|
0 |	180.49  	3.87	|
1 |	270.64  	7.10	|
----------------------- Reconstructed Image ---------------------
LT| 	mu	sigma	|
0 |	180.49  	3.89	|
1 |	270.66  	7.14	|
termino: 25 KA GCV_Tichonov 1.0 1 1
------------------------- Synthetic Image -----------------------
LT| 	mu	sigma	|
0 |	180.49  	3.87	|
1 |	270.64  	7.10	|
----------------------- Reconstructed Image ---------------------
LT| 	mu	sigma	|
0 |	180.49  	3.90	|
1 |	270.66  	7.17	|
termino: 25 KA LSQR 1.0 1 1
------------------------- Synthetic Image -----------------------
LT| 	mu	sigma	|
0 |	180.49  	3.87	|
1 |	270.64  	7.10	|
----------------------- Reconstructed Image ---------------------
LT| 	mu	sigma	|
0 |	180.41  	3.85	|
1 |	270.65  	7.08	|
termino: 25 KA EM 1.0 1 2
Lambda optimo elegido: 0.12742749857031355
------------------------- Synthetic Image -----------------------
LT| 	mu	sigma	|
0 |	180.49  	3.87	|
1 |	270.64  	7.10	|
----------------------- Reconstructed Image ---------------------
LT| 	mu	sigma	|
0 |	180.41  	3.89	|
1 |	270.65  	7.09	|
termino: 25 KA GCV_Tichonov 1.0 1 2
------------------------- Synthetic Image -----------------------
LT| 	mu	sigma	|
0 |	180.49  	3.87	|
1 |	270.64  	7.10	|
----------------------- Reconstructed Image ---------------------
LT| 	mu	sigma	|
0 |	180.41  	3.90	|
1 |	270.65  	7.12	|
termino: 25 KA LSQR 1.0 1 2
Banda KA cargada
------------------------- Synthetic Image -----------------------
LT| 	mu	sigma	|
0 |	180.61  	3.82	|
1 |	270.73  	7.23	|
----------------------- Reconstructed Image ---------------------
LT| 	mu	sigma	|
0 |	180.62  	3.82	|
1 |	270.77  	7.19	|
termino: 25 KA EM 1.0 1 0
Lambda optimo elegido: 0.2069138081114791
------------------------- Synthetic Image -----------------------
LT| 	mu	sigma	|
0 |	180.61  	3.82	|
1 |	270.73  	7.23	|
----------------------- Reconstructed Image ---------------------
LT| 	mu	sigma	|
0 |	180.62  	3.85	|
1 |	270.77  	7.19	|
termino: 25 KA GCV_Tichonov 1.0 1 0
------------------------- Synthetic Image -----------------------
LT| 	mu	sigma	|
0 |	180.61  	3.82	|
1 |	270.73  	7.23	|
----------------------- Reconstructed Image ---------------------
LT| 	mu	sigma	|
0 |	180.62  	3.86	|
1 |	270.77  	7.23	|
termino: 25 KA LSQR 1.0 1 0
------------------------- Synthetic Image -----------------------
LT| 	mu	sigma	|
0 |	180.61  	3.82	|
1 |	270.73  	7.23	|
----------------------- Reconstructed Image ---------------------
LT| 	mu	sigma	|
0 |	180.60  	3.82	|
1 |	270.75  	7.26	|
termino: 25 KA EM 1.0 1 1
Lambda optimo elegido: 0.2069138081114791
------------------------- Synthetic Image -----------------------
LT| 	mu	sigma	|
0 |	180.61  	3.82	|
1 |	270.73  	7.23	|
----------------------- Reconstructed Image ---------------------
LT| 	mu	sigma	|
0 |	180.60  	3.85	|
1 |	270.74  	7.25	|
termino: 25 KA GCV_Tichonov 1.0 1 1
------------------------- Synthetic Image -----------------------
LT| 	mu	sigma	|
0 |	180.61  	3.82	|
1 |	270.73  	7.23	|
----------------------- Reconstructed Image ---------------------
LT| 	mu	sigma	|
0 |	180.60  	3.86	|
1 |	270.75  	7.29	|
termino: 25 KA LSQR 1.0 1 1
------------------------- Synthetic Image -----------------------
LT| 	mu	sigma	|
0 |	180.61  	3.82	|
1 |	270.73  	7.23	|
----------------------- Reconstructed Image ---------------------
LT| 	mu	sigma	|
0 |	180.53  	3.81	|
1 |	270.74  	7.21	|
termino: 25 KA EM 1.0 1 2
Lambda optimo elegido: 0.2069138081114791
------------------------- Synthetic Image -----------------------
LT| 	mu	sigma	|
0 |	180.61  	3.82	|
1 |	270.73  	7.23	|
----------------------- Reconstructed Image ---------------------
LT| 	mu	sigma	|
0 |	180.53  	3.83	|
1 |	270.73  	7.20	|
termino: 25 KA GCV_Tichonov 1.0 1 2
------------------------- Synthetic Image -----------------------
LT| 	mu	sigma	|
0 |	180.61  	3.82	|
1 |	270.73  	7.23	|
----------------------- Reconstructed Image ---------------------
LT| 	mu	sigma	|
0 |	180.53  	3.85	|
1 |	270.74  	7.24	|
termino: 25 KA LSQR 1.0 1 2
Banda KA cargada
------------------------- Synthetic Image -----------------------
LT| 	mu	sigma	|
0 |	180.72  	3.92	|
1 |	270.82  	7.59	|
----------------------- Reconstructed Image ---------------------
LT| 	mu	sigma	|
0 |	180.74  	3.92	|
1 |	270.86  	7.56	|
termino: 25 KA EM 1.0 1 0
Lambda optimo elegido: 0.3359818286283785
------------------------- Synthetic Image -----------------------
LT| 	mu	sigma	|
0 |	180.72  	3.92	|
1 |	270.82  	7.59	|
----------------------- Reconstructed Image ---------------------
LT| 	mu	sigma	|
0 |	180.74  	3.93	|
1 |	270.86  	7.54	|
termino: 25 KA GCV_Tichonov 1.0 1 0
------------------------- Synthetic Image -----------------------
LT| 	mu	sigma	|
0 |	180.72  	3.92	|
1 |	270.82  	7.59	|
----------------------- Reconstructed Image ---------------------
LT| 	mu	sigma	|
0 |	180.74  	3.95	|
1 |	270.86  	7.59	|
termino: 25 KA LSQR 1.0 1 0
------------------------- Synthetic Image -----------------------
LT| 	mu	sigma	|
0 |	180.72  	3.92	|
1 |	270.82  	7.59	|
----------------------- Reconstructed Image ---------------------
LT| 	mu	sigma	|
0 |	180.72  	3.93	|
1 |	270.83  	7.62	|
termino: 25 KA EM 1.0 1 1
Lambda optimo elegido: 0.2069138081114791
------------------------- Synthetic Image -----------------------
LT| 	mu	sigma	|
0 |	180.72  	3.92	|
1 |	270.82  	7.59	|
----------------------- Reconstructed Image ---------------------
LT| 	mu	sigma	|
0 |	180.72  	3.96	|
1 |	270.83  	7.62	|
termino: 25 KA GCV_Tichonov 1.0 1 1
------------------------- Synthetic Image -----------------------
LT| 	mu	sigma	|
0 |	180.72  	3.92	|
1 |	270.82  	7.59	|
----------------------- Reconstructed Image ---------------------
LT| 	mu	sigma	|
0 |	180.72  	3.97	|
1 |	270.83  	7.65	|
termino: 25 KA LSQR 1.0 1 1
------------------------- Synthetic Image -----------------------
LT| 	mu	sigma	|
0 |	180.72  	3.92	|
1 |	270.82  	7.59	|
----------------------- Reconstructed Image ---------------------
LT| 	mu	sigma	|
0 |	180.65  	3.91	|
1 |	270.82  	7.57	|
termino: 25 KA EM 1.0 1 2
Lambda optimo elegido: 0.2069138081114791
------------------------- Synthetic Image -----------------------
LT| 	mu	sigma	|
0 |	180.72  	3.92	|
1 |	270.82  	7.59	|
----------------------- Reconstructed Image ---------------------
LT| 	mu	sigma	|
0 |	180.65  	3.93	|
1 |	270.82  	7.58	|
termino: 25 KA GCV_Tichonov 1.0 1 2
------------------------- Synthetic Image -----------------------
LT| 	mu	sigma	|
0 |	180.72  	3.92	|
1 |	270.82  	7.59	|
----------------------- Reconstructed Image ---------------------
LT| 	mu	sigma	|
0 |	180.65  	3.94	|
1 |	270.82  	7.60	|
termino: 25 KA LSQR 1.0 1 2
Banda KA cargada
------------------------- Synthetic Image -----------------------
LT| 	mu	sigma	|
0 |	180.84  	4.14	|
1 |	270.91  	8.16	|
----------------------- Reconstructed Image ---------------------
LT| 	mu	sigma	|
0 |	180.86  	4.14	|
1 |	270.95  	8.14	|
termino: 25 KA EM 1.0 1 0
Lambda optimo elegido: 0.3359818286283785
------------------------- Synthetic Image -----------------------
LT| 	mu	sigma	|
0 |	180.84  	4.14	|
1 |	270.91  	8.16	|
----------------------- Reconstructed Image ---------------------
LT| 	mu	sigma	|
0 |	180.86  	4.16	|
1 |	270.95  	8.14	|
termino: 25 KA GCV_Tichonov 1.0 1 0
------------------------- Synthetic Image -----------------------
LT| 	mu	sigma	|
0 |	180.84  	4.14	|
1 |	270.91  	8.16	|
----------------------- Reconstructed Image ---------------------
LT| 	mu	sigma	|
0 |	180.86  	4.17	|
1 |	270.95  	8.16	|
termino: 25 KA LSQR 1.0 1 0
------------------------- Synthetic Image -----------------------
LT| 	mu	sigma	|
0 |	180.84  	4.14	|
1 |	270.91  	8.16	|
----------------------- Reconstructed Image ---------------------
LT| 	mu	sigma	|
0 |	180.84  	4.17	|
1 |	270.92  	8.19	|
termino: 25 KA EM 1.0 1 1
Lambda optimo elegido: 0.3359818286283785
------------------------- Synthetic Image -----------------------
LT| 	mu	sigma	|
0 |	180.84  	4.14	|
1 |	270.91  	8.16	|
----------------------- Reconstructed Image ---------------------
LT| 	mu	sigma	|
0 |	180.84  	4.18	|
1 |	270.92  	8.18	|
termino: 25 KA GCV_Tichonov 1.0 1 1
------------------------- Synthetic Image -----------------------
LT| 	mu	sigma	|
0 |	180.84  	4.14	|
1 |	270.91  	8.16	|
----------------------- Reconstructed Image ---------------------
LT| 	mu	sigma	|
0 |	180.84  	4.20	|
1 |	270.92  	8.22	|
termino: 25 KA LSQR 1.0 1 1
------------------------- Synthetic Image -----------------------
LT| 	mu	sigma	|
0 |	180.84  	4.14	|
1 |	270.91  	8.16	|
----------------------- Reconstructed Image ---------------------
LT| 	mu	sigma	|
0 |	180.76  	4.14	|
1 |	270.91  	8.14	|
termino: 25 KA EM 1.0 1 2
Lambda optimo elegido: 0.3359818286283785
------------------------- Synthetic Image -----------------------
LT| 	mu	sigma	|
0 |	180.84  	4.14	|
1 |	270.91  	8.16	|
----------------------- Reconstructed Image ---------------------
LT| 	mu	sigma	|
0 |	180.77  	4.16	|
1 |	270.91  	8.15	|
termino: 25 KA GCV_Tichonov 1.0 1 2
------------------------- Synthetic Image -----------------------
LT| 	mu	sigma	|
0 |	180.84  	4.14	|
1 |	270.91  	8.16	|
----------------------- Reconstructed Image ---------------------
LT| 	mu	sigma	|
0 |	180.77  	4.17	|
1 |	270.91  	8.17	|
termino: 25 KA LSQR 1.0 1 2
Banda KA cargada
------------------------- Synthetic Image -----------------------
LT| 	mu	sigma	|
0 |	180.96  	4.48	|
1 |	270.99  	8.90	|
----------------------- Reconstructed Image ---------------------
LT| 	mu	sigma	|
0 |	180.98  	4.48	|
1 |	271.04  	8.88	|
termino: 25 KA EM 1.0 1 0
Lambda optimo elegido: 0.5455594781168526
------------------------- Synthetic Image -----------------------
LT| 	mu	sigma	|
0 |	180.96  	4.48	|
1 |	270.99  	8.90	|
----------------------- Reconstructed Image ---------------------
LT| 	mu	sigma	|
0 |	180.98  	4.50	|
1 |	271.04  	8.87	|
termino: 25 KA GCV_Tichonov 1.0 1 0
------------------------- Synthetic Image -----------------------
LT| 	mu	sigma	|
0 |	180.96  	4.48	|
1 |	270.99  	8.90	|
----------------------- Reconstructed Image ---------------------
LT| 	mu	sigma	|
0 |	180.98  	4.51	|
1 |	271.04  	8.90	|
termino: 25 KA LSQR 1.0 1 0
------------------------- Synthetic Image -----------------------
LT| 	mu	sigma	|
0 |	180.96  	4.48	|
1 |	270.99  	8.90	|
----------------------- Reconstructed Image ---------------------
LT| 	mu	sigma	|
0 |	180.96  	4.51	|
1 |	271.01  	8.92	|
termino: 25 KA EM 1.0 1 1
Lambda optimo elegido: 0.5455594781168526
------------------------- Synthetic Image -----------------------
LT| 	mu	sigma	|
0 |	180.96  	4.48	|
1 |	270.99  	8.90	|
----------------------- Reconstructed Image ---------------------
LT| 	mu	sigma	|
0 |	180.96  	4.52	|
1 |	271.02  	8.91	|
termino: 25 KA GCV_Tichonov 1.0 1 1
------------------------- Synthetic Image -----------------------
LT| 	mu	sigma	|
0 |	180.96  	4.48	|
1 |	270.99  	8.90	|
----------------------- Reconstructed Image ---------------------
LT| 	mu	sigma	|
0 |	180.96  	4.54	|
1 |	271.01  	8.95	|
termino: 25 KA LSQR 1.0 1 1
------------------------- Synthetic Image -----------------------
LT| 	mu	sigma	|
0 |	180.96  	4.48	|
1 |	270.99  	8.90	|
----------------------- Reconstructed Image ---------------------
LT| 	mu	sigma	|
0 |	180.88  	4.48	|
1 |	271.00  	8.88	|
termino: 25 KA EM 1.0 1 2
Lambda optimo elegido: 0.5455594781168526
------------------------- Synthetic Image -----------------------
LT| 	mu	sigma	|
0 |	180.96  	4.48	|
1 |	270.99  	8.90	|
----------------------- Reconstructed Image ---------------------
LT| 	mu	sigma	|
0 |	180.88  	4.49	|
1 |	271.00  	8.88	|
termino: 25 KA GCV_Tichonov 1.0 1 2
------------------------- Synthetic Image -----------------------
LT| 	mu	sigma	|
0 |	180.96  	4.48	|
1 |	270.99  	8.90	|
----------------------- Reconstructed Image ---------------------
LT| 	mu	sigma	|
0 |	180.88  	4.51	|
1 |	271.00  	8.90	|
termino: 25 KA LSQR 1.0 1 2
Banda KA cargada
------------------------- Synthetic Image -----------------------
LT| 	mu	sigma	|
0 |	181.08  	4.91	|
1 |	271.08  	9.77	|
----------------------- Reconstructed Image ---------------------
LT| 	mu	sigma	|
0 |	181.09  	4.91	|
1 |	271.12  	9.75	|
termino: 25 KA EM 1.0 1 0
Lambda optimo elegido: 0.8858667904100832
------------------------- Synthetic Image -----------------------
LT| 	mu	sigma	|
0 |	181.08  	4.91	|
1 |	271.08  	9.77	|
----------------------- Reconstructed Image ---------------------
LT| 	mu	sigma	|
0 |	181.09  	4.92	|
1 |	271.14  	9.71	|
termino: 25 KA GCV_Tichonov 1.0 1 0
------------------------- Synthetic Image -----------------------
LT| 	mu	sigma	|
0 |	181.08  	4.91	|
1 |	271.08  	9.77	|
----------------------- Reconstructed Image ---------------------
LT| 	mu	sigma	|
0 |	181.09  	4.93	|
1 |	271.12  	9.77	|
termino: 25 KA LSQR 1.0 1 0
------------------------- Synthetic Image -----------------------
LT| 	mu	sigma	|
0 |	181.08  	4.91	|
1 |	271.08  	9.77	|
----------------------- Reconstructed Image ---------------------
LT| 	mu	sigma	|
0 |	181.07  	4.94	|
1 |	271.10  	9.79	|
termino: 25 KA EM 1.0 1 1
Lambda optimo elegido: 0.5455594781168526
------------------------- Synthetic Image -----------------------
LT| 	mu	sigma	|
0 |	181.08  	4.91	|
1 |	271.08  	9.77	|
----------------------- Reconstructed Image ---------------------
LT| 	mu	sigma	|
0 |	181.07  	4.96	|
1 |	271.12  	9.78	|
termino: 25 KA GCV_Tichonov 1.0 1 1
------------------------- Synthetic Image -----------------------
LT| 	mu	sigma	|
0 |	181.08  	4.91	|
1 |	271.08  	9.77	|
----------------------- Reconstructed Image ---------------------
LT| 	mu	sigma	|
0 |	181.07  	4.97	|
1 |	271.10  	9.81	|
termino: 25 KA LSQR 1.0 1 1
------------------------- Synthetic Image -----------------------
LT| 	mu	sigma	|
0 |	181.08  	4.91	|
1 |	271.08  	9.77	|
----------------------- Reconstructed Image ---------------------
LT| 	mu	sigma	|
0 |	181.00  	4.91	|
1 |	271.09  	9.75	|
termino: 25 KA EM 1.0 1 2
Lambda optimo elegido: 0.5455594781168526
------------------------- Synthetic Image -----------------------
LT| 	mu	sigma	|
0 |	181.08  	4.91	|
1 |	271.08  	9.77	|
----------------------- Reconstructed Image ---------------------
LT| 	mu	sigma	|
0 |	181.00  	4.93	|
1 |	271.10  	9.75	|
termino: 25 KA GCV_Tichonov 1.0 1 2
------------------------- Synthetic Image -----------------------
LT| 	mu	sigma	|
0 |	181.08  	4.91	|
1 |	271.08  	9.77	|
----------------------- Reconstructed Image ---------------------
LT| 	mu	sigma	|
0 |	181.00  	4.94	|
1 |	271.09  	9.77	|
termino: 25 KA LSQR 1.0 1 2
Banda KA cargada
------------------------- Synthetic Image -----------------------
LT| 	mu	sigma	|
0 |	180.03  	5.45	|
1 |	270.78  	10.50	|
----------------------- Reconstructed Image ---------------------
LT| 	mu	sigma	|
0 |	180.05  	5.38	|
1 |	270.82  	10.54	|
termino: 25 KA EM 1.0 2 0
Lambda optimo elegido: 0.0784759970351462
------------------------- Synthetic Image -----------------------
LT| 	mu	sigma	|
0 |	180.03  	5.45	|
1 |	270.78  	10.50	|
----------------------- Reconstructed Image ---------------------
LT| 	mu	sigma	|
0 |	180.05  	5.41	|
1 |	270.82  	10.54	|
termino: 25 KA GCV_Tichonov 1.0 2 0
------------------------- Synthetic Image -----------------------
LT| 	mu	sigma	|
0 |	180.03  	5.45	|
1 |	270.78  	10.50	|
----------------------- Reconstructed Image ---------------------
LT| 	mu	sigma	|
0 |	180.05  	5.42	|
1 |	270.82  	10.57	|
termino: 25 KA LSQR 1.0 2 0
------------------------- Synthetic Image -----------------------
LT| 	mu	sigma	|
0 |	180.03  	5.45	|
1 |	270.78  	10.50	|
----------------------- Reconstructed Image ---------------------
LT| 	mu	sigma	|
0 |	180.03  	5.42	|
1 |	270.80  	10.52	|
termino: 25 KA EM 1.0 2 1
Lambda optimo elegido: 0.0784759970351462
------------------------- Synthetic Image -----------------------
LT| 	mu	sigma	|
0 |	180.03  	5.45	|
1 |	270.78  	10.50	|
----------------------- Reconstructed Image ---------------------
LT| 	mu	sigma	|
0 |	180.03  	5.45	|
1 |	270.80  	10.53	|
termino: 25 KA GCV_Tichonov 1.0 2 1
------------------------- Synthetic Image -----------------------
LT| 	mu	sigma	|
0 |	180.03  	5.45	|
1 |	270.78  	10.50	|
----------------------- Reconstructed Image ---------------------
LT| 	mu	sigma	|
0 |	180.03  	5.46	|
1 |	270.79  	10.55	|
termino: 25 KA LSQR 1.0 2 1
------------------------- Synthetic Image -----------------------
LT| 	mu	sigma	|
0 |	180.03  	5.45	|
1 |	270.78  	10.50	|
----------------------- Reconstructed Image ---------------------
LT| 	mu	sigma	|
0 |	179.95  	5.43	|
1 |	270.79  	10.46	|
termino: 25 KA EM 1.0 2 2
Lambda optimo elegido: 0.0784759970351462
------------------------- Synthetic Image -----------------------
LT| 	mu	sigma	|
0 |	180.03  	5.45	|
1 |	270.78  	10.50	|
----------------------- Reconstructed Image ---------------------
LT| 	mu	sigma	|
0 |	179.95  	5.46	|
1 |	270.79  	10.47	|
termino: 25 KA GCV_Tichonov 1.0 2 2
------------------------- Synthetic Image -----------------------
LT| 	mu	sigma	|
0 |	180.03  	5.45	|
1 |	270.78  	10.50	|
----------------------- Reconstructed Image ---------------------
LT| 	mu	sigma	|
0 |	179.95  	5.47	|
1 |	270.78  	10.49	|
termino: 25 KA LSQR 1.0 2 2
Banda KA cargada
------------------------- Synthetic Image -----------------------
LT| 	mu	sigma	|
0 |	180.13  	4.94	|
1 |	270.81  	9.46	|
----------------------- Reconstructed Image ---------------------
LT| 	mu	sigma	|
0 |	180.15  	4.87	|
1 |	270.85  	9.49	|
termino: 25 KA EM 1.0 2 0
Lambda optimo elegido: 0.0784759970351462
------------------------- Synthetic Image -----------------------
LT| 	mu	sigma	|
0 |	180.13  	4.94	|
1 |	270.81  	9.46	|
----------------------- Reconstructed Image ---------------------
LT| 	mu	sigma	|
0 |	180.15  	4.90	|
1 |	270.85  	9.50	|
termino: 25 KA GCV_Tichonov 1.0 2 0
------------------------- Synthetic Image -----------------------
LT| 	mu	sigma	|
0 |	180.13  	4.94	|
1 |	270.81  	9.46	|
----------------------- Reconstructed Image ---------------------
LT| 	mu	sigma	|
0 |	180.15  	4.91	|
1 |	270.85  	9.52	|
termino: 25 KA LSQR 1.0 2 0
------------------------- Synthetic Image -----------------------
LT| 	mu	sigma	|
0 |	180.13  	4.94	|
1 |	270.81  	9.46	|
----------------------- Reconstructed Image ---------------------
LT| 	mu	sigma	|
0 |	180.13  	4.92	|
1 |	270.83  	9.47	|
termino: 25 KA EM 1.0 2 1
Lambda optimo elegido: 0.0784759970351462
------------------------- Synthetic Image -----------------------
LT| 	mu	sigma	|
0 |	180.13  	4.94	|
1 |	270.81  	9.46	|
----------------------- Reconstructed Image ---------------------
LT| 	mu	sigma	|
0 |	180.13  	4.95	|
1 |	270.83  	9.49	|
termino: 25 KA GCV_Tichonov 1.0 2 1
------------------------- Synthetic Image -----------------------
LT| 	mu	sigma	|
0 |	180.13  	4.94	|
1 |	270.81  	9.46	|
----------------------- Reconstructed Image ---------------------
LT| 	mu	sigma	|
0 |	180.13  	4.95	|
1 |	270.82  	9.51	|
termino: 25 KA LSQR 1.0 2 1
------------------------- Synthetic Image -----------------------
LT| 	mu	sigma	|
0 |	180.13  	4.94	|
1 |	270.81  	9.46	|
----------------------- Reconstructed Image ---------------------
LT| 	mu	sigma	|
0 |	180.06  	4.92	|
1 |	270.82  	9.41	|
termino: 25 KA EM 1.0 2 2
Lambda optimo elegido: 0.0784759970351462
------------------------- Synthetic Image -----------------------
LT| 	mu	sigma	|
0 |	180.13  	4.94	|
1 |	270.81  	9.46	|
----------------------- Reconstructed Image ---------------------
LT| 	mu	sigma	|
0 |	180.06  	4.95	|
1 |	270.82  	9.43	|
termino: 25 KA GCV_Tichonov 1.0 2 2
------------------------- Synthetic Image -----------------------
LT| 	mu	sigma	|
0 |	180.13  	4.94	|
1 |	270.81  	9.46	|
----------------------- Reconstructed Image ---------------------
LT| 	mu	sigma	|
0 |	180.06  	4.96	|
1 |	270.81  	9.45	|
termino: 25 KA LSQR 1.0 2 2
Banda KA cargada
------------------------- Synthetic Image -----------------------
LT| 	mu	sigma	|
0 |	180.24  	4.48	|
1 |	270.84  	8.54	|
----------------------- Reconstructed Image ---------------------
LT| 	mu	sigma	|
0 |	180.25  	4.42	|
1 |	270.88  	8.57	|
termino: 25 KA EM 1.0 2 0
Lambda optimo elegido: 0.12742749857031355
------------------------- Synthetic Image -----------------------
LT| 	mu	sigma	|
0 |	180.24  	4.48	|
1 |	270.84  	8.54	|
----------------------- Reconstructed Image ---------------------
LT| 	mu	sigma	|
0 |	180.26  	4.45	|
1 |	270.89  	8.56	|
termino: 25 KA GCV_Tichonov 1.0 2 0
------------------------- Synthetic Image -----------------------
LT| 	mu	sigma	|
0 |	180.24  	4.48	|
1 |	270.84  	8.54	|
----------------------- Reconstructed Image ---------------------
LT| 	mu	sigma	|
0 |	180.26  	4.46	|
1 |	270.88  	8.60	|
termino: 25 KA LSQR 1.0 2 0
------------------------- Synthetic Image -----------------------
LT| 	mu	sigma	|
0 |	180.24  	4.48	|
1 |	270.84  	8.54	|
----------------------- Reconstructed Image ---------------------
LT| 	mu	sigma	|
0 |	180.23  	4.47	|
1 |	270.86  	8.56	|
termino: 25 KA EM 1.0 2 1
Lambda optimo elegido: 0.12742749857031355
------------------------- Synthetic Image -----------------------
LT| 	mu	sigma	|
0 |	180.24  	4.48	|
1 |	270.84  	8.54	|
----------------------- Reconstructed Image ---------------------
LT| 	mu	sigma	|
0 |	180.24  	4.49	|
1 |	270.86  	8.55	|
termino: 25 KA GCV_Tichonov 1.0 2 1
------------------------- Synthetic Image -----------------------
LT| 	mu	sigma	|
0 |	180.24  	4.48	|
1 |	270.84  	8.54	|
----------------------- Reconstructed Image ---------------------
LT| 	mu	sigma	|
0 |	180.24  	4.51	|
1 |	270.85  	8.60	|
termino: 25 KA LSQR 1.0 2 1
------------------------- Synthetic Image -----------------------
LT| 	mu	sigma	|
0 |	180.24  	4.48	|
1 |	270.84  	8.54	|
----------------------- Reconstructed Image ---------------------
LT| 	mu	sigma	|
0 |	180.16  	4.47	|
1 |	270.85  	8.49	|
termino: 25 KA EM 1.0 2 2
Lambda optimo elegido: 0.12742749857031355
------------------------- Synthetic Image -----------------------
LT| 	mu	sigma	|
0 |	180.24  	4.48	|
1 |	270.84  	8.54	|
----------------------- Reconstructed Image ---------------------
LT| 	mu	sigma	|
0 |	180.16  	4.49	|
1 |	270.85  	8.48	|
termino: 25 KA GCV_Tichonov 1.0 2 2
------------------------- Synthetic Image -----------------------
LT| 	mu	sigma	|
0 |	180.24  	4.48	|
1 |	270.84  	8.54	|
----------------------- Reconstructed Image ---------------------
LT| 	mu	sigma	|
0 |	180.16  	4.51	|
1 |	270.84  	8.53	|
termino: 25 KA LSQR 1.0 2 2
Banda KA cargada
------------------------- Synthetic Image -----------------------
LT| 	mu	sigma	|
0 |	180.34  	4.11	|
1 |	270.87  	7.79	|
----------------------- Reconstructed Image ---------------------
LT| 	mu	sigma	|
0 |	180.36  	4.05	|
1 |	270.92  	7.81	|
termino: 25 KA EM 1.0 2 0
Lambda optimo elegido: 0.12742749857031355
------------------------- Synthetic Image -----------------------
LT| 	mu	sigma	|
0 |	180.34  	4.11	|
1 |	270.87  	7.79	|
----------------------- Reconstructed Image ---------------------
LT| 	mu	sigma	|
0 |	180.36  	4.08	|
1 |	270.92  	7.81	|
termino: 25 KA GCV_Tichonov 1.0 2 0
------------------------- Synthetic Image -----------------------
LT| 	mu	sigma	|
0 |	180.34  	4.11	|
1 |	270.87  	7.79	|
----------------------- Reconstructed Image ---------------------
LT| 	mu	sigma	|
0 |	180.36  	4.09	|
1 |	270.91  	7.85	|
termino: 25 KA LSQR 1.0 2 0
------------------------- Synthetic Image -----------------------
LT| 	mu	sigma	|
0 |	180.34  	4.11	|
1 |	270.87  	7.79	|
----------------------- Reconstructed Image ---------------------
LT| 	mu	sigma	|
0 |	180.34  	4.10	|
1 |	270.89  	7.81	|
termino: 25 KA EM 1.0 2 1
Lambda optimo elegido: 0.12742749857031355
------------------------- Synthetic Image -----------------------
LT| 	mu	sigma	|
0 |	180.34  	4.11	|
1 |	270.87  	7.79	|
----------------------- Reconstructed Image ---------------------
LT| 	mu	sigma	|
0 |	180.34  	4.13	|
1 |	270.89  	7.81	|
termino: 25 KA GCV_Tichonov 1.0 2 1
------------------------- Synthetic Image -----------------------
LT| 	mu	sigma	|
0 |	180.34  	4.11	|
1 |	270.87  	7.79	|
----------------------- Reconstructed Image ---------------------
LT| 	mu	sigma	|
0 |	180.34  	4.14	|
1 |	270.88  	7.85	|
termino: 25 KA LSQR 1.0 2 1
------------------------- Synthetic Image -----------------------
LT| 	mu	sigma	|
0 |	180.34  	4.11	|
1 |	270.87  	7.79	|
----------------------- Reconstructed Image ---------------------
LT| 	mu	sigma	|
0 |	180.27  	4.10	|
1 |	270.88  	7.74	|
termino: 25 KA EM 1.0 2 2
Lambda optimo elegido: 0.12742749857031355
------------------------- Synthetic Image -----------------------
LT| 	mu	sigma	|
0 |	180.34  	4.11	|
1 |	270.87  	7.79	|
----------------------- Reconstructed Image ---------------------
LT| 	mu	sigma	|
0 |	180.27  	4.13	|
1 |	270.88  	7.74	|
termino: 25 KA GCV_Tichonov 1.0 2 2
------------------------- Synthetic Image -----------------------
LT| 	mu	sigma	|
0 |	180.34  	4.11	|
1 |	270.87  	7.79	|
----------------------- Reconstructed Image ---------------------
LT| 	mu	sigma	|
0 |	180.27  	4.14	|
1 |	270.87  	7.78	|
termino: 25 KA LSQR 1.0 2 2
Banda KA cargada
------------------------- Synthetic Image -----------------------
LT| 	mu	sigma	|
0 |	180.45  	3.84	|
1 |	270.90  	7.26	|
----------------------- Reconstructed Image ---------------------
LT| 	mu	sigma	|
0 |	180.46  	3.79	|
1 |	270.95  	7.28	|
termino: 25 KA EM 1.0 2 0
Lambda optimo elegido: 0.12742749857031355
------------------------- Synthetic Image -----------------------
LT| 	mu	sigma	|
0 |	180.45  	3.84	|
1 |	270.90  	7.26	|
----------------------- Reconstructed Image ---------------------
LT| 	mu	sigma	|
0 |	180.46  	3.82	|
1 |	270.95  	7.29	|
termino: 25 KA GCV_Tichonov 1.0 2 0
------------------------- Synthetic Image -----------------------
LT| 	mu	sigma	|
0 |	180.45  	3.84	|
1 |	270.90  	7.26	|
----------------------- Reconstructed Image ---------------------
LT| 	mu	sigma	|
0 |	180.47  	3.83	|
1 |	270.94  	7.32	|
termino: 25 KA LSQR 1.0 2 0
------------------------- Synthetic Image -----------------------
LT| 	mu	sigma	|
0 |	180.45  	3.84	|
1 |	270.90  	7.26	|
----------------------- Reconstructed Image ---------------------
LT| 	mu	sigma	|
0 |	180.44  	3.84	|
1 |	270.92  	7.29	|
termino: 25 KA EM 1.0 2 1
Lambda optimo elegido: 0.12742749857031355
------------------------- Synthetic Image -----------------------
LT| 	mu	sigma	|
0 |	180.45  	3.84	|
1 |	270.90  	7.26	|
----------------------- Reconstructed Image ---------------------
LT| 	mu	sigma	|
0 |	180.44  	3.87	|
1 |	270.92  	7.29	|
termino: 25 KA GCV_Tichonov 1.0 2 1
------------------------- Synthetic Image -----------------------
LT| 	mu	sigma	|
0 |	180.45  	3.84	|
1 |	270.90  	7.26	|
----------------------- Reconstructed Image ---------------------
LT| 	mu	sigma	|
0 |	180.45  	3.88	|
1 |	270.91  	7.33	|
termino: 25 KA LSQR 1.0 2 1
------------------------- Synthetic Image -----------------------
LT| 	mu	sigma	|
0 |	180.45  	3.84	|
1 |	270.90  	7.26	|
----------------------- Reconstructed Image ---------------------
LT| 	mu	sigma	|
0 |	180.37  	3.83	|
1 |	270.91  	7.22	|
termino: 25 KA EM 1.0 2 2
Lambda optimo elegido: 0.12742749857031355
------------------------- Synthetic Image -----------------------
LT| 	mu	sigma	|
0 |	180.45  	3.84	|
1 |	270.90  	7.26	|
----------------------- Reconstructed Image ---------------------
LT| 	mu	sigma	|
0 |	180.37  	3.86	|
1 |	270.91  	7.23	|
termino: 25 KA GCV_Tichonov 1.0 2 2
------------------------- Synthetic Image -----------------------
LT| 	mu	sigma	|
0 |	180.45  	3.84	|
1 |	270.90  	7.26	|
----------------------- Reconstructed Image ---------------------
LT| 	mu	sigma	|
0 |	180.37  	3.87	|
1 |	270.90  	7.26	|
termino: 25 KA LSQR 1.0 2 2
Banda KA cargada
------------------------- Synthetic Image -----------------------
LT| 	mu	sigma	|
0 |	180.55  	3.70	|
1 |	270.93  	7.01	|
----------------------- Reconstructed Image ---------------------
LT| 	mu	sigma	|
0 |	180.57  	3.65	|
1 |	270.98  	7.02	|
termino: 25 KA EM 1.0 2 0
Lambda optimo elegido: 0.2069138081114791
------------------------- Synthetic Image -----------------------
LT| 	mu	sigma	|
0 |	180.55  	3.70	|
1 |	270.93  	7.01	|
----------------------- Reconstructed Image ---------------------
LT| 	mu	sigma	|
0 |	180.57  	3.67	|
1 |	270.98  	6.99	|
termino: 25 KA GCV_Tichonov 1.0 2 0
------------------------- Synthetic Image -----------------------
LT| 	mu	sigma	|
0 |	180.55  	3.70	|
1 |	270.93  	7.01	|
----------------------- Reconstructed Image ---------------------
LT| 	mu	sigma	|
0 |	180.57  	3.69	|
1 |	270.97  	7.06	|
termino: 25 KA LSQR 1.0 2 0
------------------------- Synthetic Image -----------------------
LT| 	mu	sigma	|
0 |	180.55  	3.70	|
1 |	270.93  	7.01	|
----------------------- Reconstructed Image ---------------------
LT| 	mu	sigma	|
0 |	180.55  	3.70	|
1 |	270.95  	7.04	|
termino: 25 KA EM 1.0 2 1
Lambda optimo elegido: 0.2069138081114791
------------------------- Synthetic Image -----------------------
LT| 	mu	sigma	|
0 |	180.55  	3.70	|
1 |	270.93  	7.01	|
----------------------- Reconstructed Image ---------------------
LT| 	mu	sigma	|
0 |	180.55  	3.73	|
1 |	270.96  	7.01	|
termino: 25 KA GCV_Tichonov 1.0 2 1
------------------------- Synthetic Image -----------------------
LT| 	mu	sigma	|
0 |	180.55  	3.70	|
1 |	270.93  	7.01	|
----------------------- Reconstructed Image ---------------------
LT| 	mu	sigma	|
0 |	180.55  	3.75	|
1 |	270.94  	7.07	|
termino: 25 KA LSQR 1.0 2 1
------------------------- Synthetic Image -----------------------
LT| 	mu	sigma	|
0 |	180.55  	3.70	|
1 |	270.93  	7.01	|
----------------------- Reconstructed Image ---------------------
LT| 	mu	sigma	|
0 |	180.47  	3.69	|
1 |	270.94  	6.97	|
termino: 25 KA EM 1.0 2 2
Lambda optimo elegido: 0.2069138081114791
------------------------- Synthetic Image -----------------------
LT| 	mu	sigma	|
0 |	180.55  	3.70	|
1 |	270.93  	7.01	|
----------------------- Reconstructed Image ---------------------
LT| 	mu	sigma	|
0 |	180.48  	3.71	|
1 |	270.94  	6.95	|
termino: 25 KA GCV_Tichonov 1.0 2 2
------------------------- Synthetic Image -----------------------
LT| 	mu	sigma	|
0 |	180.55  	3.70	|
1 |	270.93  	7.01	|
----------------------- Reconstructed Image ---------------------
LT| 	mu	sigma	|
0 |	180.48  	3.73	|
1 |	270.93  	7.00	|
termino: 25 KA LSQR 1.0 2 2
Banda KA cargada
------------------------- Synthetic Image -----------------------
LT| 	mu	sigma	|
0 |	180.66  	3.70	|
1 |	270.96  	7.06	|
----------------------- Reconstructed Image ---------------------
LT| 	mu	sigma	|
0 |	180.67  	3.66	|
1 |	271.01  	7.06	|
termino: 25 KA EM 1.0 2 0
Lambda optimo elegido: 0.2069138081114791
------------------------- Synthetic Image -----------------------
LT| 	mu	sigma	|
0 |	180.66  	3.70	|
1 |	270.96  	7.06	|
----------------------- Reconstructed Image ---------------------
LT| 	mu	sigma	|
0 |	180.67  	3.68	|
1 |	271.01  	7.05	|
termino: 25 KA GCV_Tichonov 1.0 2 0
------------------------- Synthetic Image -----------------------
LT| 	mu	sigma	|
0 |	180.66  	3.70	|
1 |	270.96  	7.06	|
----------------------- Reconstructed Image ---------------------
LT| 	mu	sigma	|
0 |	180.67  	3.70	|
1 |	271.00  	7.10	|
termino: 25 KA LSQR 1.0 2 0
------------------------- Synthetic Image -----------------------
LT| 	mu	sigma	|
0 |	180.66  	3.70	|
1 |	270.96  	7.06	|
----------------------- Reconstructed Image ---------------------
LT| 	mu	sigma	|
0 |	180.65  	3.71	|
1 |	270.98  	7.09	|
termino: 25 KA EM 1.0 2 1
Lambda optimo elegido: 0.2069138081114791
------------------------- Synthetic Image -----------------------
LT| 	mu	sigma	|
0 |	180.66  	3.70	|
1 |	270.96  	7.06	|
----------------------- Reconstructed Image ---------------------
LT| 	mu	sigma	|
0 |	180.65  	3.74	|
1 |	270.99  	7.07	|
termino: 25 KA GCV_Tichonov 1.0 2 1
------------------------- Synthetic Image -----------------------
LT| 	mu	sigma	|
0 |	180.66  	3.70	|
1 |	270.96  	7.06	|
----------------------- Reconstructed Image ---------------------
LT| 	mu	sigma	|
0 |	180.65  	3.75	|
1 |	270.98  	7.12	|
termino: 25 KA LSQR 1.0 2 1
------------------------- Synthetic Image -----------------------
LT| 	mu	sigma	|
0 |	180.66  	3.70	|
1 |	270.96  	7.06	|
----------------------- Reconstructed Image ---------------------
LT| 	mu	sigma	|
0 |	180.58  	3.69	|
1 |	270.97  	7.02	|
termino: 25 KA EM 1.0 2 2
Lambda optimo elegido: 0.2069138081114791
------------------------- Synthetic Image -----------------------
LT| 	mu	sigma	|
0 |	180.66  	3.70	|
1 |	270.96  	7.06	|
----------------------- Reconstructed Image ---------------------
LT| 	mu	sigma	|
0 |	180.58  	3.71	|
1 |	270.97  	7.01	|
termino: 25 KA GCV_Tichonov 1.0 2 2
------------------------- Synthetic Image -----------------------
LT| 	mu	sigma	|
0 |	180.66  	3.70	|
1 |	270.96  	7.06	|
----------------------- Reconstructed Image ---------------------
LT| 	mu	sigma	|
0 |	180.58  	3.73	|
1 |	270.97  	7.05	|
termino: 25 KA LSQR 1.0 2 2
Banda KA cargada
------------------------- Synthetic Image -----------------------
LT| 	mu	sigma	|
0 |	180.76  	3.83	|
1 |	270.99  	7.40	|
----------------------- Reconstructed Image ---------------------
LT| 	mu	sigma	|
0 |	180.78  	3.81	|
1 |	271.04  	7.40	|
termino: 25 KA EM 1.0 2 0
Lambda optimo elegido: 0.3359818286283785
------------------------- Synthetic Image -----------------------
LT| 	mu	sigma	|
0 |	180.76  	3.83	|
1 |	270.99  	7.40	|
----------------------- Reconstructed Image ---------------------
LT| 	mu	sigma	|
0 |	180.78  	3.82	|
1 |	271.05  	7.36	|
termino: 25 KA GCV_Tichonov 1.0 2 0
------------------------- Synthetic Image -----------------------
LT| 	mu	sigma	|
0 |	180.76  	3.83	|
1 |	270.99  	7.40	|
----------------------- Reconstructed Image ---------------------
LT| 	mu	sigma	|
0 |	180.78  	3.84	|
1 |	271.03  	7.43	|
termino: 25 KA LSQR 1.0 2 0
------------------------- Synthetic Image -----------------------
LT| 	mu	sigma	|
0 |	180.76  	3.83	|
1 |	270.99  	7.40	|
----------------------- Reconstructed Image ---------------------
LT| 	mu	sigma	|
0 |	180.76  	3.85	|
1 |	271.01  	7.43	|
termino: 25 KA EM 1.0 2 1
Lambda optimo elegido: 0.3359818286283785
------------------------- Synthetic Image -----------------------
LT| 	mu	sigma	|
0 |	180.76  	3.83	|
1 |	270.99  	7.40	|
----------------------- Reconstructed Image ---------------------
LT| 	mu	sigma	|
0 |	180.76  	3.87	|
1 |	271.02  	7.39	|
termino: 25 KA GCV_Tichonov 1.0 2 1
------------------------- Synthetic Image -----------------------
LT| 	mu	sigma	|
0 |	180.76  	3.83	|
1 |	270.99  	7.40	|
----------------------- Reconstructed Image ---------------------
LT| 	mu	sigma	|
0 |	180.76  	3.89	|
1 |	271.01  	7.46	|
termino: 25 KA LSQR 1.0 2 1
------------------------- Synthetic Image -----------------------
LT| 	mu	sigma	|
0 |	180.76  	3.83	|
1 |	270.99  	7.40	|
----------------------- Reconstructed Image ---------------------
LT| 	mu	sigma	|
0 |	180.68  	3.83	|
1 |	271.00  	7.37	|
termino: 25 KA EM 1.0 2 2
Lambda optimo elegido: 0.3359818286283785
------------------------- Synthetic Image -----------------------
LT| 	mu	sigma	|
0 |	180.76  	3.83	|
1 |	270.99  	7.40	|
----------------------- Reconstructed Image ---------------------
LT| 	mu	sigma	|
0 |	180.69  	3.84	|
1 |	271.01  	7.34	|
termino: 25 KA GCV_Tichonov 1.0 2 2
------------------------- Synthetic Image -----------------------
LT| 	mu	sigma	|
0 |	180.76  	3.83	|
1 |	270.99  	7.40	|
----------------------- Reconstructed Image ---------------------
LT| 	mu	sigma	|
0 |	180.69  	3.86	|
1 |	271.00  	7.40	|
termino: 25 KA LSQR 1.0 2 2
Banda KA cargada
------------------------- Synthetic Image -----------------------
LT| 	mu	sigma	|
0 |	180.87  	4.10	|
1 |	271.02  	8.00	|
----------------------- Reconstructed Image ---------------------
LT| 	mu	sigma	|
0 |	180.88  	4.08	|
1 |	271.06  	7.99	|
termino: 25 KA EM 1.0 2 0
Lambda optimo elegido: 0.3359818286283785
------------------------- Synthetic Image -----------------------
LT| 	mu	sigma	|
0 |	180.87  	4.10	|
1 |	271.02  	8.00	|
----------------------- Reconstructed Image ---------------------
LT| 	mu	sigma	|
0 |	180.88  	4.10	|
1 |	271.07  	7.98	|
termino: 25 KA GCV_Tichonov 1.0 2 0
------------------------- Synthetic Image -----------------------
LT| 	mu	sigma	|
0 |	180.87  	4.10	|
1 |	271.02  	8.00	|
----------------------- Reconstructed Image ---------------------
LT| 	mu	sigma	|
0 |	180.88  	4.11	|
1 |	271.06  	8.02	|
termino: 25 KA LSQR 1.0 2 0
------------------------- Synthetic Image -----------------------
LT| 	mu	sigma	|
0 |	180.87  	4.10	|
1 |	271.02  	8.00	|
----------------------- Reconstructed Image ---------------------
LT| 	mu	sigma	|
0 |	180.86  	4.12	|
1 |	271.04  	8.03	|
termino: 25 KA EM 1.0 2 1
Lambda optimo elegido: 0.3359818286283785
------------------------- Synthetic Image -----------------------
LT| 	mu	sigma	|
0 |	180.87  	4.10	|
1 |	271.02  	8.00	|
----------------------- Reconstructed Image ---------------------
LT| 	mu	sigma	|
0 |	180.86  	4.14	|
1 |	271.05  	8.02	|
termino: 25 KA GCV_Tichonov 1.0 2 1
------------------------- Synthetic Image -----------------------
LT| 	mu	sigma	|
0 |	180.87  	4.10	|
1 |	271.02  	8.00	|
----------------------- Reconstructed Image ---------------------
LT| 	mu	sigma	|
0 |	180.86  	4.16	|
1 |	271.04  	8.05	|
termino: 25 KA LSQR 1.0 2 1
------------------------- Synthetic Image -----------------------
LT| 	mu	sigma	|
0 |	180.87  	4.10	|
1 |	271.02  	8.00	|
----------------------- Reconstructed Image ---------------------
LT| 	mu	sigma	|
0 |	180.79  	4.09	|
1 |	271.03  	7.98	|
termino: 25 KA EM 1.0 2 2
Lambda optimo elegido: 0.3359818286283785
------------------------- Synthetic Image -----------------------
LT| 	mu	sigma	|
0 |	180.87  	4.10	|
1 |	271.02  	8.00	|
----------------------- Reconstructed Image ---------------------
LT| 	mu	sigma	|
0 |	180.79  	4.11	|
1 |	271.04  	7.97	|
termino: 25 KA GCV_Tichonov 1.0 2 2
------------------------- Synthetic Image -----------------------
LT| 	mu	sigma	|
0 |	180.87  	4.10	|
1 |	271.02  	8.00	|
----------------------- Reconstructed Image ---------------------
LT| 	mu	sigma	|
0 |	180.79  	4.13	|
1 |	271.03  	8.00	|
termino: 25 KA LSQR 1.0 2 2
Banda KA cargada
------------------------- Synthetic Image -----------------------
LT| 	mu	sigma	|
0 |	180.97  	4.46	|
1 |	271.05  	8.81	|
----------------------- Reconstructed Image ---------------------
LT| 	mu	sigma	|
0 |	180.99  	4.45	|
1 |	271.09  	8.79	|
termino: 25 KA EM 1.0 2 0
Lambda optimo elegido: 0.5455594781168526
------------------------- Synthetic Image -----------------------
LT| 	mu	sigma	|
0 |	180.97  	4.46	|
1 |	271.05  	8.81	|
----------------------- Reconstructed Image ---------------------
LT| 	mu	sigma	|
0 |	180.99  	4.47	|
1 |	271.11  	8.78	|
termino: 25 KA GCV_Tichonov 1.0 2 0
------------------------- Synthetic Image -----------------------
LT| 	mu	sigma	|
0 |	180.97  	4.46	|
1 |	271.05  	8.81	|
----------------------- Reconstructed Image ---------------------
LT| 	mu	sigma	|
0 |	180.99  	4.48	|
1 |	271.09  	8.82	|
termino: 25 KA LSQR 1.0 2 0
------------------------- Synthetic Image -----------------------
LT| 	mu	sigma	|
0 |	180.97  	4.46	|
1 |	271.05  	8.81	|
----------------------- Reconstructed Image ---------------------
LT| 	mu	sigma	|
0 |	180.97  	4.49	|
1 |	271.07  	8.83	|
termino: 25 KA EM 1.0 2 1
Lambda optimo elegido: 0.5455594781168526
------------------------- Synthetic Image -----------------------
LT| 	mu	sigma	|
0 |	180.97  	4.46	|
1 |	271.05  	8.81	|
----------------------- Reconstructed Image ---------------------
LT| 	mu	sigma	|
0 |	180.97  	4.51	|
1 |	271.09  	8.81	|
termino: 25 KA GCV_Tichonov 1.0 2 1
------------------------- Synthetic Image -----------------------
LT| 	mu	sigma	|
0 |	180.97  	4.46	|
1 |	271.05  	8.81	|
----------------------- Reconstructed Image ---------------------
LT| 	mu	sigma	|
0 |	180.97  	4.52	|
1 |	271.07  	8.85	|
termino: 25 KA LSQR 1.0 2 1
------------------------- Synthetic Image -----------------------
LT| 	mu	sigma	|
0 |	180.97  	4.46	|
1 |	271.05  	8.81	|
----------------------- Reconstructed Image ---------------------
LT| 	mu	sigma	|
0 |	180.89  	4.46	|
1 |	271.06  	8.79	|
termino: 25 KA EM 1.0 2 2
Lambda optimo elegido: 0.5455594781168526
------------------------- Synthetic Image -----------------------
LT| 	mu	sigma	|
0 |	180.97  	4.46	|
1 |	271.05  	8.81	|
----------------------- Reconstructed Image ---------------------
LT| 	mu	sigma	|
0 |	180.90  	4.48	|
1 |	271.07  	8.78	|
termino: 25 KA GCV_Tichonov 1.0 2 2
------------------------- Synthetic Image -----------------------
LT| 	mu	sigma	|
0 |	180.97  	4.46	|
1 |	271.05  	8.81	|
----------------------- Reconstructed Image ---------------------
LT| 	mu	sigma	|
0 |	180.90  	4.49	|
1 |	271.06  	8.81	|
termino: 25 KA LSQR 1.0 2 2
Banda KA cargada
------------------------- Synthetic Image -----------------------
LT| 	mu	sigma	|
0 |	181.08  	4.91	|
1 |	271.08  	9.77	|
----------------------- Reconstructed Image ---------------------
LT| 	mu	sigma	|
0 |	181.09  	4.91	|
1 |	271.12  	9.75	|
termino: 25 KA EM 1.0 2 0
Lambda optimo elegido: 0.8858667904100832
------------------------- Synthetic Image -----------------------
LT| 	mu	sigma	|
0 |	181.08  	4.91	|
1 |	271.08  	9.77	|
----------------------- Reconstructed Image ---------------------
LT| 	mu	sigma	|
0 |	181.09  	4.92	|
1 |	271.14  	9.71	|
termino: 25 KA GCV_Tichonov 1.0 2 0
------------------------- Synthetic Image -----------------------
LT| 	mu	sigma	|
0 |	181.08  	4.91	|
1 |	271.08  	9.77	|
----------------------- Reconstructed Image ---------------------
LT| 	mu	sigma	|
0 |	181.09  	4.93	|
1 |	271.12  	9.77	|
termino: 25 KA LSQR 1.0 2 0
------------------------- Synthetic Image -----------------------
LT| 	mu	sigma	|
0 |	181.08  	4.91	|
1 |	271.08  	9.77	|
----------------------- Reconstructed Image ---------------------
LT| 	mu	sigma	|
0 |	181.07  	4.94	|
1 |	271.10  	9.79	|
termino: 25 KA EM 1.0 2 1
Lambda optimo elegido: 0.5455594781168526
------------------------- Synthetic Image -----------------------
LT| 	mu	sigma	|
0 |	181.08  	4.91	|
1 |	271.08  	9.77	|
----------------------- Reconstructed Image ---------------------
LT| 	mu	sigma	|
0 |	181.07  	4.96	|
1 |	271.12  	9.78	|
termino: 25 KA GCV_Tichonov 1.0 2 1
------------------------- Synthetic Image -----------------------
LT| 	mu	sigma	|
0 |	181.08  	4.91	|
1 |	271.08  	9.77	|
----------------------- Reconstructed Image ---------------------
LT| 	mu	sigma	|
0 |	181.07  	4.97	|
1 |	271.10  	9.81	|
termino: 25 KA LSQR 1.0 2 1
------------------------- Synthetic Image -----------------------
LT| 	mu	sigma	|
0 |	181.08  	4.91	|
1 |	271.08  	9.77	|
----------------------- Reconstructed Image ---------------------
LT| 	mu	sigma	|
0 |	181.00  	4.91	|
1 |	271.09  	9.75	|
termino: 25 KA EM 1.0 2 2
Lambda optimo elegido: 0.5455594781168526
------------------------- Synthetic Image -----------------------
LT| 	mu	sigma	|
0 |	181.08  	4.91	|
1 |	271.08  	9.77	|
----------------------- Reconstructed Image ---------------------
LT| 	mu	sigma	|
0 |	181.00  	4.93	|
1 |	271.10  	9.75	|
termino: 25 KA GCV_Tichonov 1.0 2 2
------------------------- Synthetic Image -----------------------
LT| 	mu	sigma	|
0 |	181.08  	4.91	|
1 |	271.08  	9.77	|
----------------------- Reconstructed Image ---------------------
LT| 	mu	sigma	|
0 |	181.00  	4.94	|
1 |	271.09  	9.77	|
termino: 25 KA LSQR 1.0 2 2
Input parameters:
mLon = -60.0
MLon = -56.0
DX = 25000.0
dy = 1250.0
MLat = -35.0
utmzone = 21H
DY = 25000.0
dx = 1250.0
mLat = -37.9
WA_margin = 50000.0
GC_margin = 12500.0
['KA', 'K', 'KU', 'X', 'C']
Contexto cargado en /home/lbali/PMW-Tychonov/Mapas/LCA_25000m/
Margenes setados para mapa LCA_25000m
Presto a cargar para banda KU
##   Using precomputed kernels for band KU
Banda KU cargada
------------------------- Synthetic Image -----------------------
LT| 	mu	sigma	|
0 |	179.83  	4.92	|
1 |	270.42  	9.59	|
----------------------- Reconstructed Image ---------------------
LT| 	mu	sigma	|
0 |	179.87  	4.93	|
1 |	270.42  	9.47	|
termino: 25 KU EM 1.0 0 0
Lambda optimo elegido: 0.0784759970351462
------------------------- Synthetic Image -----------------------
LT| 	mu	sigma	|
0 |	179.83  	4.92	|
1 |	270.42  	9.59	|
----------------------- Reconstructed Image ---------------------
LT| 	mu	sigma	|
0 |	179.87  	4.99	|
1 |	270.43  	9.49	|
termino: 25 KU GCV_Tichonov 1.0 0 0
------------------------- Synthetic Image -----------------------
LT| 	mu	sigma	|
0 |	179.83  	4.92	|
1 |	270.42  	9.59	|
----------------------- Reconstructed Image ---------------------
LT| 	mu	sigma	|
0 |	179.87  	5.01	|
1 |	270.42  	9.53	|
termino: 25 KU LSQR 1.0 0 0
